Arguments: 
  /Users/Kai/.nvm/versions/node/v16.1.0/bin/node /opt/homebrew/Cellar/yarn/1.22.10/libexec/bin/yarn.js set version classic

PATH: 
  /Users/Kai/.nvm/versions/node/v16.1.0/bin:/usr/local/opt/python@3.7/bin:/opt/homebrew/bin:/opt/homebrew/sbin:/usr/local/bin:/usr/bin:/bin:/usr/sbin:/sbin:/Users/Kai/.local/bin:/Users/Kai/.bin:/Users/Kai/.local/bin

Yarn version: 
  1.22.10

Node version: 
  16.1.0

Platform: 
  darwin arm64

Trace: 
  Error: Release not found: classic
      at /opt/homebrew/Cellar/yarn/1.22.10/libexec/lib/cli.js:90297:17
      at Generator.next (<anonymous>)
      at step (/opt/homebrew/Cellar/yarn/1.22.10/libexec/lib/cli.js:310:30)
      at /opt/homebrew/Cellar/yarn/1.22.10/libexec/lib/cli.js:321:13
      at processTicksAndRejections (node:internal/process/task_queues:96:5)

npm manifest: 
  {
    "name": "data-driven-form",
    "version": "0.0.0",
    "homepage": "https://github.com/KaiSpencer/data-driven-form",
    "scripts": {
      "dev": "vite",
      "build": "tsc && vite build",
      "serve": "vite preview",
      "deploy": "yarn build && gh-pages -d dist",
      "storybook": "start-storybook -p 6006",
      "build-storybook": "build-storybook"
    },
    "dependencies": {
      "gh-pages": "^3.2.3",
      "nhsuk-frontend": "^5.1.0",
      "nhsuk-react-components": "^2.0.0-beta.1",
      "react": "^17.0.0",
      "react-dom": "^17.0.0",
      "react-json-view": "^1.21.3",
      "react-router-dom": "^5.3.0"
    },
    "devDependencies": {
      "@babel/core": "^7.15.5",
      "@storybook/addon-docs": "^6.4.0-alpha.35",
      "@storybook/addon-actions": "^6.4.0-alpha.35",
      "@storybook/addon-essentials": "^6.4.0-alpha.35",
      "@storybook/addon-links": "^6.4.0-alpha.35",
      "@storybook/react": "^6.4.0-alpha.35",
      "@tsconfig/docusaurus": "^1.0.4",
      "@types/react": "^17.0.20",
      "@types/react-dom": "^17.0.0",
      "@types/react-helmet": "^6.1.2",
      "@types/react-router-dom": "^5.1.8",
      "@vitejs/plugin-react-refresh": "^1.3.1",
      "babel-loader": "^8.2.2",
      "css-loader": "^6.2.0",
      "sass": "^1.39.2",
      "sass-loader": "^12.1.0",
      "storybook-builder-vite": "^0.0.12",
      "storybook-react-router": "^1.0.8",
      "style-loader": "^3.2.1",
      "typescript": "^4.4.3",
      "vite": "^2.5.4"
    }
  }

yarn manifest: 
  No manifest

Lockfile: 
  # This file is generated by running "yarn install" inside your project.
  # Manual changes might be lost - proceed with caution!
  
  __metadata:
    version: 4
    cacheKey: 8
  
  "@babel/code-frame@npm:^7.14.5":
    version: 7.14.5
    resolution: "@babel/code-frame@npm:7.14.5"
    dependencies:
      "@babel/highlight": ^7.14.5
    checksum: 0adbe4f8d91586f764f524e57631f582ab988b2ef504391a5d89db29bfaaf7c67c237798ed4a249b6a2d7135852cf94d3d07ce6b9739dd1df1f271d5ed069565
    languageName: node
    linkType: hard
  
  "@babel/compat-data@npm:^7.15.0":
    version: 7.15.0
    resolution: "@babel/compat-data@npm:7.15.0"
    checksum: 65088d87b14966dcdba397c799f312beb1e7a4dac178e7daa922a17ee9b65d8cfd9f35ff8352ccb6e20bb9a169df1171263ef5fd5967aa25d544ea3f62681993
    languageName: node
    linkType: hard
  
  "@babel/core@npm:7.15.5, @babel/core@npm:^7.14.8":
    version: 7.15.5
    resolution: "@babel/core@npm:7.15.5"
    dependencies:
      "@babel/code-frame": ^7.14.5
      "@babel/generator": ^7.15.4
      "@babel/helper-compilation-targets": ^7.15.4
      "@babel/helper-module-transforms": ^7.15.4
      "@babel/helpers": ^7.15.4
      "@babel/parser": ^7.15.5
      "@babel/template": ^7.15.4
      "@babel/traverse": ^7.15.4
      "@babel/types": ^7.15.4
      convert-source-map: ^1.7.0
      debug: ^4.1.0
      gensync: ^1.0.0-beta.2
      json5: ^2.1.2
      semver: ^6.3.0
      source-map: ^0.5.0
    checksum: 8121bf74040d98562b773c1e92a174cd53c99a5158ae5a9ef25645ed35d6f821c64155e394cdb04e7dc77a0871ba42a638f6703b2c44a75bc04564b21cad9e1b
    languageName: node
    linkType: hard
  
  "@babel/generator@npm:^7.15.4":
    version: 7.15.4
    resolution: "@babel/generator@npm:7.15.4"
    dependencies:
      "@babel/types": ^7.15.4
      jsesc: ^2.5.1
      source-map: ^0.5.0
    checksum: fec8e8fa46723d7edf4087dc07b1f65a64488cba9662458431dd00d2a24f7c41b21e3160cfa1ba3df9373b2bb5e84189a95206c9ce6f14845a3929fc1ab58f57
    languageName: node
    linkType: hard
  
  "@babel/helper-compilation-targets@npm:^7.15.4":
    version: 7.15.4
    resolution: "@babel/helper-compilation-targets@npm:7.15.4"
    dependencies:
      "@babel/compat-data": ^7.15.0
      "@babel/helper-validator-option": ^7.14.5
      browserslist: ^4.16.6
      semver: ^6.3.0
    peerDependencies:
      "@babel/core": ^7.0.0
    checksum: a2b9767d5658da90bd79170b4b0d2987930fb6708d48428619f9f4664c47e3f9409801b76c7603446404b453c67e54682cc86840cb1c29aa06c956533ebaf5ba
    languageName: node
    linkType: hard
  
  "@babel/helper-function-name@npm:^7.15.4":
    version: 7.15.4
    resolution: "@babel/helper-function-name@npm:7.15.4"
    dependencies:
      "@babel/helper-get-function-arity": ^7.15.4
      "@babel/template": ^7.15.4
      "@babel/types": ^7.15.4
    checksum: 0500e8e40753fdc25252b30609b12df8ebb997a4e5b4c2145774855c026a4338c0510fc7b819035d5f9d76cf3bd63417c0b7b58f0836a10996300f2f925c4e0f
    languageName: node
    linkType: hard
  
  "@babel/helper-get-function-arity@npm:^7.15.4":
    version: 7.15.4
    resolution: "@babel/helper-get-function-arity@npm:7.15.4"
    dependencies:
      "@babel/types": ^7.15.4
    checksum: 1a3dba8700ec69b5b120401769897a1a0ca2edcf6b546659d49946dcc8b0755c4c58dd8f15739f5cf851d4ca1db76f56759897c6f5b9f76f2fef989dc4f8fd54
    languageName: node
    linkType: hard
  
  "@babel/helper-hoist-variables@npm:^7.15.4":
    version: 7.15.4
    resolution: "@babel/helper-hoist-variables@npm:7.15.4"
    dependencies:
      "@babel/types": ^7.15.4
    checksum: 1a9ae0a27112b5f4e4ab91da2a1b40a8f91d8ce195e965d900ec3f13b583a1ab36834fb3edc2812523fa1d586ce21c3e6d8ce437d168e23a5d8e7e2e46b50f6f
    languageName: node
    linkType: hard
  
  "@babel/helper-member-expression-to-functions@npm:^7.15.4":
    version: 7.15.4
    resolution: "@babel/helper-member-expression-to-functions@npm:7.15.4"
    dependencies:
      "@babel/types": ^7.15.4
    checksum: 30cf27e2afbaf1d58d189c5f36951a6af7d2bfccdfdb7d57e91749620d9c3c37d78324a1725079d3ab4a0e5c4e5f3d5f19a275d5dd269baa2aa8852835b05d6d
    languageName: node
    linkType: hard
  
  "@babel/helper-module-imports@npm:^7.15.4":
    version: 7.15.4
    resolution: "@babel/helper-module-imports@npm:7.15.4"
    dependencies:
      "@babel/types": ^7.15.4
    checksum: 519681cb9c27fcacd85ef13534020db3a2bac1d53a4d988fd9f3cf1ec223854311d4193c961cc2031c4d1df3b1a35a849b38237302752ae3d29eb00e5b9a904a
    languageName: node
    linkType: hard
  
  "@babel/helper-module-transforms@npm:^7.15.4":
    version: 7.15.4
    resolution: "@babel/helper-module-transforms@npm:7.15.4"
    dependencies:
      "@babel/helper-module-imports": ^7.15.4
      "@babel/helper-replace-supers": ^7.15.4
      "@babel/helper-simple-access": ^7.15.4
      "@babel/helper-split-export-declaration": ^7.15.4
      "@babel/helper-validator-identifier": ^7.14.9
      "@babel/template": ^7.15.4
      "@babel/traverse": ^7.15.4
      "@babel/types": ^7.15.4
    checksum: 5bb31696c96247e17c19fe87c708bf95f592cc26fcc1c8f32f5037d8f87a8933b327b31f0ae92529bab91137d8bb5bf8be4106829f0eaaea4e41d7fcc7ce7938
    languageName: node
    linkType: hard
  
  "@babel/helper-optimise-call-expression@npm:^7.15.4":
    version: 7.15.4
    resolution: "@babel/helper-optimise-call-expression@npm:7.15.4"
    dependencies:
      "@babel/types": ^7.15.4
    checksum: 7c929d1a3dbed7ee776dd8a4502b92433bb14ce6217372581db117de294edcf7b8678b1f703b8309c769bb46f2e4f005cdb3958dec508a486b2b03a9a919b542
    languageName: node
    linkType: hard
  
  "@babel/helper-plugin-utils@npm:^7.14.5":
    version: 7.14.5
    resolution: "@babel/helper-plugin-utils@npm:7.14.5"
    checksum: fe20e90a24d02770a60ebe80ab9f0dfd7258503cea8006c71709ac9af1aa3e47b0de569499673f11ea6c99597f8c0e4880ae1d505986e61101b69716820972fe
    languageName: node
    linkType: hard
  
  "@babel/helper-replace-supers@npm:^7.15.4":
    version: 7.15.4
    resolution: "@babel/helper-replace-supers@npm:7.15.4"
    dependencies:
      "@babel/helper-member-expression-to-functions": ^7.15.4
      "@babel/helper-optimise-call-expression": ^7.15.4
      "@babel/traverse": ^7.15.4
      "@babel/types": ^7.15.4
    checksum: b08a23914a5f7f964aefa4518255006d3a58e4c0cf972527c1fe3c79ebff4d6d50c9f1d370b8d62e0085766a654910e39ba196fab522d794142d2219eea8430d
    languageName: node
    linkType: hard
  
  "@babel/helper-simple-access@npm:^7.15.4":
    version: 7.15.4
    resolution: "@babel/helper-simple-access@npm:7.15.4"
    dependencies:
      "@babel/types": ^7.15.4
    checksum: 8c3462264d6755c1e190a709fa90667c1691cb61cdca2d3f9119dd93adfd9fbcb292bcc48dbd7e065b8c27d9371f2793799a92aec124a3260288ed112e00c839
    languageName: node
    linkType: hard
  
  "@babel/helper-split-export-declaration@npm:^7.15.4":
    version: 7.15.4
    resolution: "@babel/helper-split-export-declaration@npm:7.15.4"
    dependencies:
      "@babel/types": ^7.15.4
    checksum: 6baf45996e1323fdfc30666e9c0b3219d74c54dc71e9130acfa4d9d4c53faa95618ac383a1c82a156555908323384a416b4a29e88b337de98fdb476212134f99
    languageName: node
    linkType: hard
  
  "@babel/helper-validator-identifier@npm:^7.14.5, @babel/helper-validator-identifier@npm:^7.14.9":
    version: 7.14.9
    resolution: "@babel/helper-validator-identifier@npm:7.14.9"
    checksum: 58552531a7674363e74672434c312ddaf1545b8a43308e1a7f38db58bf79c796c095a6dab6a6105eb0d783b97441f6cbb525bb887f29a35f232fcdbd8cb240dc
    languageName: node
    linkType: hard
  
  "@babel/helper-validator-option@npm:^7.14.5":
    version: 7.14.5
    resolution: "@babel/helper-validator-option@npm:7.14.5"
    checksum: 1b25c34a5cb3d8602280f33b9ab687d2a77895e3616458d0f70ddc450ada9b05e342c44f322bc741d51b252e84cff6ec44ae93d622a3354828579a643556b523
    languageName: node
    linkType: hard
  
  "@babel/helpers@npm:^7.15.4":
    version: 7.15.4
    resolution: "@babel/helpers@npm:7.15.4"
    dependencies:
      "@babel/template": ^7.15.4
      "@babel/traverse": ^7.15.4
      "@babel/types": ^7.15.4
    checksum: e60738110086c183d0ce369ad56949d5dceeb7d73d8fdb892f36d5b8525192e6b97f4563eb77334f47ac27ac43a21f3c4cd53bff342c2a0d5f4008a2b0169c89
    languageName: node
    linkType: hard
  
  "@babel/highlight@npm:^7.14.5":
    version: 7.14.5
    resolution: "@babel/highlight@npm:7.14.5"
    dependencies:
      "@babel/helper-validator-identifier": ^7.14.5
      chalk: ^2.0.0
      js-tokens: ^4.0.0
    checksum: 4e4b22fb886c939551d73307de16232c186fdb4d8ec8f514541b058feaecdba5234788a0740ca5bcd28777f4108596c39ac4b7463684c63b3812f6071e3fb88f
    languageName: node
    linkType: hard
  
  "@babel/parser@npm:^7.15.4, @babel/parser@npm:^7.15.5":
    version: 7.15.6
    resolution: "@babel/parser@npm:7.15.6"
    bin:
      parser: ./bin/babel-parser.js
    checksum: 497c293f8260100940c3e2a1f939a94475779355d786b1685afa1ecdfba0843098c83b824e453c2cb30053c3e901a74427897e54f007862de4c81bb68cf84663
    languageName: node
    linkType: hard
  
  "@babel/plugin-transform-react-jsx-self@npm:^7.14.5":
    version: 7.14.9
    resolution: "@babel/plugin-transform-react-jsx-self@npm:7.14.9"
    dependencies:
      "@babel/helper-plugin-utils": ^7.14.5
    peerDependencies:
      "@babel/core": ^7.0.0-0
    checksum: 2fa79482c2b00d922857762dc75925e37eec5d8b5e65423262d8ff3644a5ddf47015af17a9ff251e646df471ca5cd664607ec751a96d060e77c11134b6376eb2
    languageName: node
    linkType: hard
  
  "@babel/plugin-transform-react-jsx-source@npm:^7.14.5":
    version: 7.14.5
    resolution: "@babel/plugin-transform-react-jsx-source@npm:7.14.5"
    dependencies:
      "@babel/helper-plugin-utils": ^7.14.5
    peerDependencies:
      "@babel/core": ^7.0.0-0
    checksum: e7e7336bbd07d6c1a281bac1b242e8cb8172f3b1e1d9d214160ab220142fbefc5d79786d57bf197b18f4c694edfc7614dddae2f990adb4b7484146635b58dfe6
    languageName: node
    linkType: hard
  
  "@babel/runtime@npm:^7.1.2, @babel/runtime@npm:^7.10.2, @babel/runtime@npm:^7.12.1, @babel/runtime@npm:^7.12.13":
    version: 7.15.4
    resolution: "@babel/runtime@npm:7.15.4"
    dependencies:
      regenerator-runtime: ^0.13.4
    checksum: c40825430400e47c19b97e4142d5315d2910305b9714d44a711472587ee2fd4521fdba5f02ddd9df3902f5e988d9854fa83f4da1e0c091f70f6983fa52480606
    languageName: node
    linkType: hard
  
  "@babel/template@npm:^7.15.4":
    version: 7.15.4
    resolution: "@babel/template@npm:7.15.4"
    dependencies:
      "@babel/code-frame": ^7.14.5
      "@babel/parser": ^7.15.4
      "@babel/types": ^7.15.4
    checksum: 58ca51fdd40bbaaddf2e46513dd05d5823f214cb2877b3f353abf5541a033a1b6570c29c2c80e60f2b55966326e40bebbf53666b261646ccf410b3d984af42ce
    languageName: node
    linkType: hard
  
  "@babel/traverse@npm:^7.15.4":
    version: 7.15.4
    resolution: "@babel/traverse@npm:7.15.4"
    dependencies:
      "@babel/code-frame": ^7.14.5
      "@babel/generator": ^7.15.4
      "@babel/helper-function-name": ^7.15.4
      "@babel/helper-hoist-variables": ^7.15.4
      "@babel/helper-split-export-declaration": ^7.15.4
      "@babel/parser": ^7.15.4
      "@babel/types": ^7.15.4
      debug: ^4.1.0
      globals: ^11.1.0
    checksum: 831506a92c8ed76dc60504de37663bf5a553d7b1b009a94defc082cddb6c380c5487a1aa9438bcd7b9891a2a72758a63e4f878154aa70699d09b388b1445d774
    languageName: node
    linkType: hard
  
  "@babel/types@npm:^7.15.4, @babel/types@npm:^7.8.3":
    version: 7.15.6
    resolution: "@babel/types@npm:7.15.6"
    dependencies:
      "@babel/helper-validator-identifier": ^7.14.9
      to-fast-properties: ^2.0.0
    checksum: 37f497dde10d238b5eb184efab83b415a86611e3d73dc0434de0cfb851b20ee606a3b7e1525e5b2d522fac1248d0345fea0468006f246262511b80cd3ed2419f
    languageName: node
    linkType: hard
  
  "@gar/promisify@npm:^1.0.1":
    version: 1.1.2
    resolution: "@gar/promisify@npm:1.1.2"
    checksum: d05081e0887a49c178b75ee3067bd6ee086f73c154d121b854fb2e044e8a89cb1cbb6de3a0dd93a519b80f0531fda68b099dd7256205f7fbb3490324342f2217
    languageName: node
    linkType: hard
  
  "@npmcli/fs@npm:^1.0.0":
    version: 1.0.0
    resolution: "@npmcli/fs@npm:1.0.0"
    dependencies:
      "@gar/promisify": ^1.0.1
      semver: ^7.3.5
    checksum: f2b4990107dd2a5b18794c89aaff6f62f3a67883d49a20602fdfc353cbc7f8c5fd50edeffdc769e454900e01b8b8e43d0b9eb524d00963d69f3c829be1a2e8ac
    languageName: node
    linkType: hard
  
  "@npmcli/move-file@npm:^1.0.1":
    version: 1.1.2
    resolution: "@npmcli/move-file@npm:1.1.2"
    dependencies:
      mkdirp: ^1.0.4
      rimraf: ^3.0.2
    checksum: c96381d4a37448ea280951e46233f7e541058cf57a57d4094dd4bdcaae43fa5872b5f2eb6bfb004591a68e29c5877abe3cdc210cb3588cbf20ab2877f31a7de7
    languageName: node
    linkType: hard
  
  "@rollup/pluginutils@npm:^4.1.1":
    version: 4.1.1
    resolution: "@rollup/pluginutils@npm:4.1.1"
    dependencies:
      estree-walker: ^2.0.1
      picomatch: ^2.2.2
    checksum: 405f681c7d32661980aa3caa928ff22e1c06f0e081db1550e6ab9c179dc9d3d8d63c05dcc7338fe65ab3f856a56c465696a51300b83e98171956fcb141106e39
    languageName: node
    linkType: hard
  
  "@tootallnate/once@npm:1":
    version: 1.1.2
    resolution: "@tootallnate/once@npm:1.1.2"
    checksum: e1fb1bbbc12089a0cb9433dc290f97bddd062deadb6178ce9bcb93bb7c1aecde5e60184bc7065aec42fe1663622a213493c48bbd4972d931aae48315f18e1be9
    languageName: node
    linkType: hard
  
  "@types/history@npm:*":
    version: 4.7.9
    resolution: "@types/history@npm:4.7.9"
    checksum: 556b062adb92795839301965776b0418e9ca32798bd8a6031345a6a84d7512771107143a497b7e3ff826d0b0d4456e962c6450485dda6f55c7dd33371e840529
    languageName: node
    linkType: hard
  
  "@types/prop-types@npm:*":
    version: 15.7.4
    resolution: "@types/prop-types@npm:15.7.4"
    checksum: ef6e1899e59b876c273811b1bd845022fc66d5a3d11cb38a25b6c566b30514ae38fe20a40f67622f362a4f4f7f9224e22d8da101cff3d6e97e11d7b4c307cfc1
    languageName: node
    linkType: hard
  
  "@types/react-dom@npm:^17.0.0":
    version: 17.0.9
    resolution: "@types/react-dom@npm:17.0.9"
    dependencies:
      "@types/react": "*"
    checksum: b7e898e1a22643a371f58e801a3d1d8cf13a82d77063c24be73e840ef8d877ca1d04adc5db168d0dac3167dc050a26b1d70efc5fe8566a7f46a3c488a8322989
    languageName: node
    linkType: hard
  
  "@types/react-router-dom@npm:^5.1.8":
    version: 5.1.8
    resolution: "@types/react-router-dom@npm:5.1.8"
    dependencies:
      "@types/history": "*"
      "@types/react": "*"
      "@types/react-router": "*"
    checksum: ff4af091f8e076b64f6f3f2af52429772641388393065930880e8931ce881873c2f0dff53bb1e373db5ae6b737fc514db4a1f5daa7d8bf3cf3b3088ce84472fc
    languageName: node
    linkType: hard
  
  "@types/react-router@npm:*":
    version: 5.1.16
    resolution: "@types/react-router@npm:5.1.16"
    dependencies:
      "@types/history": "*"
      "@types/react": "*"
    checksum: a9c04be430e7f63b17d3ac46fb5594e4089747b3004af04560cd068db136ccaedd66622f448489280cb5a94873dece69a5bc1f91c892ec5178e41ed00b78b43d
    languageName: node
    linkType: hard
  
  "@types/react@npm:*, @types/react@npm:^17.0.0":
    version: 17.0.20
    resolution: "@types/react@npm:17.0.20"
    dependencies:
      "@types/prop-types": "*"
      "@types/scheduler": "*"
      csstype: ^3.0.2
    checksum: e342bfaa4fe052fc3a445ea49f746f3fd82cfc9c8028eae139a3e0763ead1871f353bd40da2a472f23d2b52544d2781d40e3159c0703e7e2ff08c13f067a3b9c
    languageName: node
    linkType: hard
  
  "@types/scheduler@npm:*":
    version: 0.16.2
    resolution: "@types/scheduler@npm:0.16.2"
    checksum: b6b4dcfeae6deba2e06a70941860fb1435730576d3689225a421280b7742318d1548b3d22c1f66ab68e414f346a9542f29240bc955b6332c5b11e561077583bc
    languageName: node
    linkType: hard
  
  "@vitejs/plugin-react-refresh@npm:^1.3.1":
    version: 1.3.6
    resolution: "@vitejs/plugin-react-refresh@npm:1.3.6"
    dependencies:
      "@babel/core": ^7.14.8
      "@babel/plugin-transform-react-jsx-self": ^7.14.5
      "@babel/plugin-transform-react-jsx-source": ^7.14.5
      "@rollup/pluginutils": ^4.1.1
      react-refresh: ^0.10.0
    checksum: 013f064abd1b26a483051b80b424848b687b942f01c9e00c3e9065b093d3b32381ff768df8e0c8c446524cce1a3d59df31b26bd2e9d906805f641e3bad5daebe
    languageName: node
    linkType: hard
  
  "abbrev@npm:1":
    version: 1.1.1
    resolution: "abbrev@npm:1.1.1"
    checksum: a4a97ec07d7ea112c517036882b2ac22f3109b7b19077dc656316d07d308438aac28e4d9746dc4d84bf6b1e75b4a7b0a5f3cb30592419f128ca9a8cee3bcfa17
    languageName: node
    linkType: hard
  
  "agent-base@npm:6, agent-base@npm:^6.0.2":
    version: 6.0.2
    resolution: "agent-base@npm:6.0.2"
    dependencies:
      debug: 4
    checksum: f52b6872cc96fd5f622071b71ef200e01c7c4c454ee68bc9accca90c98cfb39f2810e3e9aa330435835eedc8c23f4f8a15267f67c6e245d2b33757575bdac49d
    languageName: node
    linkType: hard
  
  "agentkeepalive@npm:^4.1.3":
    version: 4.1.4
    resolution: "agentkeepalive@npm:4.1.4"
    dependencies:
      debug: ^4.1.0
      depd: ^1.1.2
      humanize-ms: ^1.2.1
    checksum: d49c24d4b333e9507119385895a583872f4f53d62764a89be165926e824056a126955bae4a6d3c6f7cd26f4089621a40f7b27675f7868214d82118f744b9e82d
    languageName: node
    linkType: hard
  
  "aggregate-error@npm:^3.0.0":
    version: 3.1.0
    resolution: "aggregate-error@npm:3.1.0"
    dependencies:
      clean-stack: ^2.0.0
      indent-string: ^4.0.0
    checksum: 1101a33f21baa27a2fa8e04b698271e64616b886795fd43c31068c07533c7b3facfcaf4e9e0cab3624bd88f729a592f1c901a1a229c9e490eafce411a8644b79
    languageName: node
    linkType: hard
  
  "ansi-regex@npm:^2.0.0":
    version: 2.1.1
    resolution: "ansi-regex@npm:2.1.1"
    checksum: 190abd03e4ff86794f338a31795d262c1dfe8c91f7e01d04f13f646f1dcb16c5800818f886047876f1272f065570ab86b24b99089f8b68a0e11ff19aed4ca8f1
    languageName: node
    linkType: hard
  
  "ansi-regex@npm:^3.0.0":
    version: 3.0.0
    resolution: "ansi-regex@npm:3.0.0"
    checksum: 2ad11c416f81c39f5c65eafc88cf1d71aa91d76a2f766e75e457c2a3c43e8a003aadbf2966b61c497aa6a6940a36412486c975b3270cdfc3f413b69826189ec3
    languageName: node
    linkType: hard
  
  "ansi-styles@npm:^3.2.1":
    version: 3.2.1
    resolution: "ansi-styles@npm:3.2.1"
    dependencies:
      color-convert: ^1.9.0
    checksum: d85ade01c10e5dd77b6c89f34ed7531da5830d2cb5882c645f330079975b716438cd7ebb81d0d6e6b4f9c577f19ae41ab55f07f19786b02f9dfd9e0377395665
    languageName: node
    linkType: hard
  
  "anymatch@npm:~3.1.2":
    version: 3.1.2
    resolution: "anymatch@npm:3.1.2"
    dependencies:
      normalize-path: ^3.0.0
      picomatch: ^2.0.4
    checksum: 985163db2292fac9e5a1e072bf99f1b5baccf196e4de25a0b0b81865ebddeb3b3eb4480734ef0a2ac8c002845396b91aa89121f5b84f93981a4658164a9ec6e9
    languageName: node
    linkType: hard
  
  "aproba@npm:^1.0.3":
    version: 1.2.0
    resolution: "aproba@npm:1.2.0"
    checksum: 0fca141966559d195072ed047658b6e6c4fe92428c385dd38e288eacfc55807e7b4989322f030faff32c0f46bb0bc10f1e0ac32ec22d25315a1e5bbc0ebb76dc
    languageName: node
    linkType: hard
  
  "are-we-there-yet@npm:~1.1.2":
    version: 1.1.7
    resolution: "are-we-there-yet@npm:1.1.7"
    dependencies:
      delegates: ^1.0.0
      readable-stream: ^2.0.6
    checksum: 70d251719c969b2745bfe5ddf3ebaefa846a636e90a6d5212573676af5d6670e15457761d4725731e19cbebdce42c4ab0cbedf23ab047f2a08274985aa10a3c7
    languageName: node
    linkType: hard
  
  "array-union@npm:^1.0.1":
    version: 1.0.2
    resolution: "array-union@npm:1.0.2"
    dependencies:
      array-uniq: ^1.0.1
    checksum: 82cec6421b6e6766556c484835a6d476a873f1b71cace5ab2b4f1b15b1e3162dc4da0d16f7a2b04d4aec18146c6638fe8f661340b31ba8e469fd811a1b45dc8d
    languageName: node
    linkType: hard
  
  "array-uniq@npm:^1.0.1":
    version: 1.0.3
    resolution: "array-uniq@npm:1.0.3"
    checksum: 1625f06b093d8bf279b81adfec6e72951c0857d65b5e3f65f053fffe9f9dd61c2fc52cff57e38a4700817e7e3f01a4faa433d505ea9e33cdae4514c334e0bf9e
    languageName: node
    linkType: hard
  
  "asap@npm:~2.0.3":
    version: 2.0.6
    resolution: "asap@npm:2.0.6"
    checksum: b296c92c4b969e973260e47523207cd5769abd27c245a68c26dc7a0fe8053c55bb04360237cb51cab1df52be939da77150ace99ad331fb7fb13b3423ed73ff3d
    languageName: node
    linkType: hard
  
  "async@npm:^2.6.1":
    version: 2.6.3
    resolution: "async@npm:2.6.3"
    dependencies:
      lodash: ^4.17.14
    checksum: 5e5561ff8fca807e88738533d620488ac03a5c43fce6c937451f7e35f943d33ad06c24af3f681a48cca3d2b0002b3118faff0a128dc89438a9bf0226f712c499
    languageName: node
    linkType: hard
  
  "balanced-match@npm:^1.0.0":
    version: 1.0.2
    resolution: "balanced-match@npm:1.0.2"
    checksum: 9706c088a283058a8a99e0bf91b0a2f75497f185980d9ffa8b304de1d9e58ebda7c72c07ebf01dadedaac5b2907b2c6f566f660d62bd336c3468e960403b9d65
    languageName: node
    linkType: hard
  
  "base16@npm:^1.0.0":
    version: 1.0.0
    resolution: "base16@npm:1.0.0"
    checksum: 0cd449a2db0f0f957e4b6b57e33bc43c9e20d4f1dd744065db94b5da35e8e71fa4dc4bc7a901e59a84d5f8b6936e3c520e2471787f667fc155fb0f50d8540f5d
    languageName: node
    linkType: hard
  
  "binary-extensions@npm:^2.0.0":
    version: 2.2.0
    resolution: "binary-extensions@npm:2.2.0"
    checksum: ccd267956c58d2315f5d3ea6757cf09863c5fc703e50fbeb13a7dc849b812ef76e3cf9ca8f35a0c48498776a7478d7b4a0418e1e2b8cb9cb9731f2922aaad7f8
    languageName: node
    linkType: hard
  
  "brace-expansion@npm:^1.1.7":
    version: 1.1.11
    resolution: "brace-expansion@npm:1.1.11"
    dependencies:
      balanced-match: ^1.0.0
      concat-map: 0.0.1
    checksum: faf34a7bb0c3fcf4b59c7808bc5d2a96a40988addf2e7e09dfbb67a2251800e0d14cd2bfc1aa79174f2f5095c54ff27f46fb1289fe2d77dac755b5eb3434cc07
    languageName: node
    linkType: hard
  
  "braces@npm:~3.0.2":
    version: 3.0.2
    resolution: "braces@npm:3.0.2"
    dependencies:
      fill-range: ^7.0.1
    checksum: e2a8e769a863f3d4ee887b5fe21f63193a891c68b612ddb4b68d82d1b5f3ff9073af066c343e9867a393fe4c2555dcb33e89b937195feb9c1613d259edfcd459
    languageName: node
    linkType: hard
  
  "browserslist@npm:^4.16.6":
    version: 4.17.0
    resolution: "browserslist@npm:4.17.0"
    dependencies:
      caniuse-lite: ^1.0.30001254
      colorette: ^1.3.0
      electron-to-chromium: ^1.3.830
      escalade: ^3.1.1
      node-releases: ^1.1.75
    bin:
      browserslist: cli.js
    checksum: 9b45ec283d7ba1513bd8be6143dadb34a65e8be7f7210b3a2bce947e019184408df6126238e54f8061e9be74362b19d04eaba739b3ee0d5d41d57ac0ae5fe4cd
    languageName: node
    linkType: hard
  
  "cacache@npm:^15.0.5":
    version: 15.3.0
    resolution: "cacache@npm:15.3.0"
    dependencies:
      "@npmcli/fs": ^1.0.0
      "@npmcli/move-file": ^1.0.1
      chownr: ^2.0.0
      fs-minipass: ^2.0.0
      glob: ^7.1.4
      infer-owner: ^1.0.4
      lru-cache: ^6.0.0
      minipass: ^3.1.1
      minipass-collect: ^1.0.2
      minipass-flush: ^1.0.5
      minipass-pipeline: ^1.2.2
      mkdirp: ^1.0.3
      p-map: ^4.0.0
      promise-inflight: ^1.0.1
      rimraf: ^3.0.2
      ssri: ^8.0.1
      tar: ^6.0.2
      unique-filename: ^1.1.1
    checksum: a07327c27a4152c04eb0a831c63c00390d90f94d51bb80624a66f4e14a6b6360bbf02a84421267bd4d00ca73ac9773287d8d7169e8d2eafe378d2ce140579db8
    languageName: node
    linkType: hard
  
  "caniuse-lite@npm:^1.0.30001254":
    version: 1.0.30001256
    resolution: "caniuse-lite@npm:1.0.30001256"
    checksum: 4f9b44e07cdf35e410c9b503dd410051281a9281b198456b5987d22d94ffdeb3e60b784067d4eb06f76ec55855deb8715ffaa16234aa5b55d2dbda290ab304dc
    languageName: node
    linkType: hard
  
  "chalk@npm:^2.0.0":
    version: 2.4.2
    resolution: "chalk@npm:2.4.2"
    dependencies:
      ansi-styles: ^3.2.1
      escape-string-regexp: ^1.0.5
      supports-color: ^5.3.0
    checksum: ec3661d38fe77f681200f878edbd9448821924e0f93a9cefc0e26a33b145f1027a2084bf19967160d11e1f03bfe4eaffcabf5493b89098b2782c3fe0b03d80c2
    languageName: node
    linkType: hard
  
  "chokidar@npm:>=3.0.0 <4.0.0":
    version: 3.5.2
    resolution: "chokidar@npm:3.5.2"
    dependencies:
      anymatch: ~3.1.2
      braces: ~3.0.2
      fsevents: ~2.3.2
      glob-parent: ~5.1.2
      is-binary-path: ~2.1.0
      is-glob: ~4.0.1
      normalize-path: ~3.0.0
      readdirp: ~3.6.0
    dependenciesMeta:
      fsevents:
        optional: true
    checksum: d1fda32fcd67d9f6170a8468ad2630a3c6194949c9db3f6a91b16478c328b2800f433fb5d2592511b6cb145a47c013ea1cce60b432b1a001ae3ee978a8bffc2d
    languageName: node
    linkType: hard
  
  "chownr@npm:^2.0.0":
    version: 2.0.0
    resolution: "chownr@npm:2.0.0"
    checksum: c57cf9dd0791e2f18a5ee9c1a299ae6e801ff58fee96dc8bfd0dcb4738a6ce58dd252a3605b1c93c6418fe4f9d5093b28ffbf4d66648cb2a9c67eaef9679be2f
    languageName: node
    linkType: hard
  
  "classnames@npm:^2.2.6":
    version: 2.3.1
    resolution: "classnames@npm:2.3.1"
    checksum: 14db8889d56c267a591f08b0834989fe542d47fac659af5a539e110cc4266694e8de86e4e3bbd271157dbd831361310a8293e0167141e80b0f03a0f175c80960
    languageName: node
    linkType: hard
  
  "clean-stack@npm:^2.0.0":
    version: 2.2.0
    resolution: "clean-stack@npm:2.2.0"
    checksum: 2ac8cd2b2f5ec986a3c743935ec85b07bc174d5421a5efc8017e1f146a1cf5f781ae962618f416352103b32c9cd7e203276e8c28241bbe946160cab16149fb68
    languageName: node
    linkType: hard
  
  "code-point-at@npm:^1.0.0":
    version: 1.1.0
    resolution: "code-point-at@npm:1.1.0"
    checksum: 17d5666611f9b16d64fdf48176d9b7fb1c7d1c1607a189f7e600040a11a6616982876af148230336adb7d8fe728a559f743a4e29db3747e3b1a32fa7f4529681
    languageName: node
    linkType: hard
  
  "color-convert@npm:^1.9.0":
    version: 1.9.3
    resolution: "color-convert@npm:1.9.3"
    dependencies:
      color-name: 1.1.3
    checksum: fd7a64a17cde98fb923b1dd05c5f2e6f7aefda1b60d67e8d449f9328b4e53b228a428fd38bfeaeb2db2ff6b6503a776a996150b80cdf224062af08a5c8a3a203
    languageName: node
    linkType: hard
  
  "color-name@npm:1.1.3":
    version: 1.1.3
    resolution: "color-name@npm:1.1.3"
    checksum: 09c5d3e33d2105850153b14466501f2bfb30324a2f76568a408763a3b7433b0e50e5b4ab1947868e65cb101bb7cb75029553f2c333b6d4b8138a73fcc133d69d
    languageName: node
    linkType: hard
  
  "colorette@npm:^1.2.2, colorette@npm:^1.3.0":
    version: 1.4.0
    resolution: "colorette@npm:1.4.0"
    checksum: 01c3c16058b182a4ab4c126a65a75faa4d38a20fa7c845090b25453acec6c371bb2c5dceb0a2338511f17902b9d1a9af0cadd8509c9403894b79311032c256c3
    languageName: node
    linkType: hard
  
  "commander@npm:^2.18.0":
    version: 2.20.3
    resolution: "commander@npm:2.20.3"
    checksum: ab8c07884e42c3a8dbc5dd9592c606176c7eb5c1ca5ff274bcf907039b2c41de3626f684ea75ccf4d361ba004bbaff1f577d5384c155f3871e456bdf27becf9e
    languageName: node
    linkType: hard
  
  "commondir@npm:^1.0.1":
    version: 1.0.1
    resolution: "commondir@npm:1.0.1"
    checksum: 59715f2fc456a73f68826285718503340b9f0dd89bfffc42749906c5cf3d4277ef11ef1cca0350d0e79204f00f1f6d83851ececc9095dc88512a697ac0b9bdcb
    languageName: node
    linkType: hard
  
  "concat-map@npm:0.0.1":
    version: 0.0.1
    resolution: "concat-map@npm:0.0.1"
    checksum: 902a9f5d8967a3e2faf138d5cb784b9979bad2e6db5357c5b21c568df4ebe62bcb15108af1b2253744844eb964fc023fbd9afbbbb6ddd0bcc204c6fb5b7bf3af
    languageName: node
    linkType: hard
  
  "console-control-strings@npm:^1.0.0, console-control-strings@npm:~1.1.0":
    version: 1.1.0
    resolution: "console-control-strings@npm:1.1.0"
    checksum: 8755d76787f94e6cf79ce4666f0c5519906d7f5b02d4b884cf41e11dcd759ed69c57da0670afd9236d229a46e0f9cf519db0cd829c6dca820bb5a5c3def584ed
    languageName: node
    linkType: hard
  
  "convert-source-map@npm:^1.7.0":
    version: 1.8.0
    resolution: "convert-source-map@npm:1.8.0"
    dependencies:
      safe-buffer: ~5.1.1
    checksum: 985d974a2d33e1a2543ada51c93e1ba2f73eaed608dc39f229afc78f71dcc4c8b7d7c684aa647e3c6a3a204027444d69e53e169ce94e8d1fa8d7dee80c9c8fed
    languageName: node
    linkType: hard
  
  "core-util-is@npm:~1.0.0":
    version: 1.0.3
    resolution: "core-util-is@npm:1.0.3"
    checksum: 9de8597363a8e9b9952491ebe18167e3b36e7707569eed0ebf14f8bba773611376466ae34575bca8cfe3c767890c859c74056084738f09d4e4a6f902b2ad7d99
    languageName: node
    linkType: hard
  
  "cross-fetch@npm:^3.0.4":
    version: 3.1.4
    resolution: "cross-fetch@npm:3.1.4"
    dependencies:
      node-fetch: 2.6.1
    checksum: 2107e5e633aa327bdacab036b1907c7ddd28651ede0c1d4fd14db04510944d56849a8255e2f5b8f9a1da0e061b6cee943f6819fe29ed9a130195e7fadd82a4ff
    languageName: node
    linkType: hard
  
  "csstype@npm:^3.0.2":
    version: 3.0.8
    resolution: "csstype@npm:3.0.8"
    checksum: 5939a003858a31a32cbc52a8f45496aa0c2bcb4629b21c5bc14a7ddcac1a3d4adfd655f56843dc14940f60563378e9444af2c9c373b3f212601b9eeb6740b8db
    languageName: node
    linkType: hard
  
  "data-driven-form@workspace:.":
    version: 0.0.0-use.local
    resolution: "data-driven-form@workspace:."
    dependencies:
      "@types/react": ^17.0.0
      "@types/react-dom": ^17.0.0
      "@types/react-router-dom": ^5.1.8
      "@vitejs/plugin-react-refresh": ^1.3.1
      gh-pages: ^3.2.3
      nhsuk-frontend: ^5.1.0
      nhsuk-react-components: ^2.0.0-beta.1
      react: ^17.0.0
      react-dom: ^17.0.0
      react-json-view: ^1.21.3
      react-router-dom: ^5.3.0
      sass: ^1.39.2
      typescript: ^4.3.2
      vite: ^2.5.4
    languageName: unknown
    linkType: soft
  
  "debug@npm:4, debug@npm:^4.1.0":
    version: 4.3.2
    resolution: "debug@npm:4.3.2"
    dependencies:
      ms: 2.1.2
    peerDependenciesMeta:
      supports-color:
        optional: true
    checksum: 820ea160e267e23c953c9ed87e7ad93494d8cda2f7349af5e7e3bb236d23707ee3022f477d5a7d2ee86ef2bf7d60aa9ab22d1f58080d7deb9dccd073585e1e43
    languageName: node
    linkType: hard
  
  "delegates@npm:^1.0.0":
    version: 1.0.0
    resolution: "delegates@npm:1.0.0"
    checksum: a51744d9b53c164ba9c0492471a1a2ffa0b6727451bdc89e31627fdf4adda9d51277cfcbfb20f0a6f08ccb3c436f341df3e92631a3440226d93a8971724771fd
    languageName: node
    linkType: hard
  
  "depd@npm:^1.1.2":
    version: 1.1.2
    resolution: "depd@npm:1.1.2"
    checksum: 6b406620d269619852885ce15965272b829df6f409724415e0002c8632ab6a8c0a08ec1f0bd2add05dc7bd7507606f7e2cc034fa24224ab829580040b835ecd9
    languageName: node
    linkType: hard
  
  "electron-to-chromium@npm:^1.3.830":
    version: 1.3.836
    resolution: "electron-to-chromium@npm:1.3.836"
    checksum: 81f65cd1ce8136df768130f6709587c4538c980b5ad0b975f5fa64180d69ed52ac0179de521a30b7ae7e1810a1a73c34df723ab5650a44a820085a9e4c5d50f0
    languageName: node
    linkType: hard
  
  "email-addresses@npm:^3.0.1":
    version: 3.1.0
    resolution: "email-addresses@npm:3.1.0"
    checksum: e911985f096fa0198019caee4a12685146f677738d8ae1ebe25419181a37930a15be15447abef3612bdc3b88f72aaae4fd2cf1a95669705e638ebcfea4a15047
    languageName: node
    linkType: hard
  
  "encoding@npm:^0.1.12":
    version: 0.1.13
    resolution: "encoding@npm:0.1.13"
    dependencies:
      iconv-lite: ^0.6.2
    checksum: bb98632f8ffa823996e508ce6a58ffcf5856330fde839ae42c9e1f436cc3b5cc651d4aeae72222916545428e54fd0f6aa8862fd8d25bdbcc4589f1e3f3715e7f
    languageName: node
    linkType: hard
  
  "env-paths@npm:^2.2.0":
    version: 2.2.1
    resolution: "env-paths@npm:2.2.1"
    checksum: 65b5df55a8bab92229ab2b40dad3b387fad24613263d103a97f91c9fe43ceb21965cd3392b1ccb5d77088021e525c4e0481adb309625d0cb94ade1d1fb8dc17e
    languageName: node
    linkType: hard
  
  "err-code@npm:^2.0.2":
    version: 2.0.3
    resolution: "err-code@npm:2.0.3"
    checksum: 8b7b1be20d2de12d2255c0bc2ca638b7af5171142693299416e6a9339bd7d88fc8d7707d913d78e0993176005405a236b066b45666b27b797252c771156ace54
    languageName: node
    linkType: hard
  
  "esbuild@npm:^0.12.17":
    version: 0.12.26
    resolution: "esbuild@npm:0.12.26"
    bin:
      esbuild: bin/esbuild
    checksum: 73efbf4e6457cdec8fbf68ce7dda8fe88475775de36c1d7f5dce4b151651afbbe09ad94fee16810f2aa064e39447b44b30219eb7d168703bd30117cbcbf72cdf
    languageName: node
    linkType: hard
  
  "escalade@npm:^3.1.1":
    version: 3.1.1
    resolution: "escalade@npm:3.1.1"
    checksum: a3e2a99f07acb74b3ad4989c48ca0c3140f69f923e56d0cba0526240ee470b91010f9d39001f2a4a313841d237ede70a729e92125191ba5d21e74b106800b133
    languageName: node
    linkType: hard
  
  "escape-string-regexp@npm:^1.0.2, escape-string-regexp@npm:^1.0.5":
    version: 1.0.5
    resolution: "escape-string-regexp@npm:1.0.5"
    checksum: 6092fda75c63b110c706b6a9bfde8a612ad595b628f0bd2147eea1d3406723020810e591effc7db1da91d80a71a737a313567c5abb3813e8d9c71f4aa595b410
    languageName: node
    linkType: hard
  
  "estree-walker@npm:^2.0.1":
    version: 2.0.2
    resolution: "estree-walker@npm:2.0.2"
    checksum: 6151e6f9828abe2259e57f5fd3761335bb0d2ebd76dc1a01048ccee22fabcfef3c0859300f6d83ff0d1927849368775ec5a6d265dde2f6de5a1be1721cd94efc
    languageName: node
    linkType: hard
  
  "fbemitter@npm:^3.0.0":
    version: 3.0.0
    resolution: "fbemitter@npm:3.0.0"
    dependencies:
      fbjs: ^3.0.0
    checksum: 069690b8cdff3521ade3c9beb92ba0a38d818a86ef36dff8690e66749aef58809db4ac0d6938eb1cacea2dbef5f2a508952d455669590264cdc146bbe839f605
    languageName: node
    linkType: hard
  
  "fbjs-css-vars@npm:^1.0.0":
    version: 1.0.2
    resolution: "fbjs-css-vars@npm:1.0.2"
    checksum: 72baf6d22c45b75109118b4daecb6c8016d4c83c8c0f23f683f22e9d7c21f32fff6201d288df46eb561e3c7d4bb4489b8ad140b7f56444c453ba407e8bd28511
    languageName: node
    linkType: hard
  
  "fbjs@npm:^3.0.0":
    version: 3.0.0
    resolution: "fbjs@npm:3.0.0"
    dependencies:
      cross-fetch: ^3.0.4
      fbjs-css-vars: ^1.0.0
      loose-envify: ^1.0.0
      object-assign: ^4.1.0
      promise: ^7.1.1
      setimmediate: ^1.0.5
      ua-parser-js: ^0.7.18
    checksum: 85ec57d8dbeddd7c82bf8f111a3c7de1abc1f4d7c603d6ccbcc1ec8dce35ff5b7a113dd34acbf7930093e5533c37a2298a92d342077f967bef34dc7cf2f3f07e
    languageName: node
    linkType: hard
  
  "filename-reserved-regex@npm:^2.0.0":
    version: 2.0.0
    resolution: "filename-reserved-regex@npm:2.0.0"
    checksum: 323a0020fd7f243238ffccab9d728cbc5f3a13c84b2c10e01efb09b8324561d7a51776be76f36603c734d4f69145c39a5d12492bf6142a28b50d7f90bd6190bc
    languageName: node
    linkType: hard
  
  "filenamify@npm:^4.3.0":
    version: 4.3.0
    resolution: "filenamify@npm:4.3.0"
    dependencies:
      filename-reserved-regex: ^2.0.0
      strip-outer: ^1.0.1
      trim-repeated: ^1.0.0
    checksum: 5b71a7ff8e958c8621957e6fbf7872024126d3b5da50f59b1634af3343ba1a69d4cc15cfe4ca4bbfa7c959ad4d98614ee51e6f1d9fa7326eef8ceda2da8cd74e
    languageName: node
    linkType: hard
  
  "fill-range@npm:^7.0.1":
    version: 7.0.1
    resolution: "fill-range@npm:7.0.1"
    dependencies:
      to-regex-range: ^5.0.1
    checksum: cc283f4e65b504259e64fd969bcf4def4eb08d85565e906b7d36516e87819db52029a76b6363d0f02d0d532f0033c9603b9e2d943d56ee3b0d4f7ad3328ff917
    languageName: node
    linkType: hard
  
  "find-cache-dir@npm:^3.3.1":
    version: 3.3.2
    resolution: "find-cache-dir@npm:3.3.2"
    dependencies:
      commondir: ^1.0.1
      make-dir: ^3.0.2
      pkg-dir: ^4.1.0
    checksum: 1e61c2e64f5c0b1c535bd85939ae73b0e5773142713273818cc0b393ee3555fb0fd44e1a5b161b8b6c3e03e98c2fcc9c227d784850a13a90a8ab576869576817
    languageName: node
    linkType: hard
  
  "find-up@npm:^4.0.0":
    version: 4.1.0
    resolution: "find-up@npm:4.1.0"
    dependencies:
      locate-path: ^5.0.0
      path-exists: ^4.0.0
    checksum: 4c172680e8f8c1f78839486e14a43ef82e9decd0e74145f40707cc42e7420506d5ec92d9a11c22bd2c48fb0c384ea05dd30e10dd152fefeec6f2f75282a8b844
    languageName: node
    linkType: hard
  
  "flux@npm:^4.0.1":
    version: 4.0.1
    resolution: "flux@npm:4.0.1"
    dependencies:
      fbemitter: ^3.0.0
      fbjs: ^3.0.0
    peerDependencies:
      react: ^15.0.2 || ^16.0.0 || ^17.0.0
    checksum: 647035a8b9eb38cbac004be4829457986118d9e1328262ddbd2c7e705f59ff58a9666a2e45043562ae228062340841521316fdf235f2ebfafb5a199ed57262d4
    languageName: node
    linkType: hard
  
  "fs-extra@npm:^8.1.0":
    version: 8.1.0
    resolution: "fs-extra@npm:8.1.0"
    dependencies:
      graceful-fs: ^4.2.0
      jsonfile: ^4.0.0
      universalify: ^0.1.0
    checksum: bf44f0e6cea59d5ce071bba4c43ca76d216f89e402dc6285c128abc0902e9b8525135aa808adad72c9d5d218e9f4bcc63962815529ff2f684ad532172a284880
    languageName: node
    linkType: hard
  
  "fs-minipass@npm:^2.0.0":
    version: 2.1.0
    resolution: "fs-minipass@npm:2.1.0"
    dependencies:
      minipass: ^3.0.0
    checksum: 1b8d128dae2ac6cc94230cc5ead341ba3e0efaef82dab46a33d171c044caaa6ca001364178d42069b2809c35a1c3c35079a32107c770e9ffab3901b59af8c8b1
    languageName: node
    linkType: hard
  
  "fs.realpath@npm:^1.0.0":
    version: 1.0.0
    resolution: "fs.realpath@npm:1.0.0"
    checksum: 99ddea01a7e75aa276c250a04eedeffe5662bce66c65c07164ad6264f9de18fb21be9433ead460e54cff20e31721c811f4fb5d70591799df5f85dce6d6746fd0
    languageName: node
    linkType: hard
  
  "fsevents@patch:fsevents@~2.3.2#~builtin<compat/fsevents>":
    version: 2.3.2
    resolution: "fsevents@patch:fsevents@npm%3A2.3.2#~builtin<compat/fsevents>::version=2.3.2&hash=1cc4b2"
    dependencies:
      node-gyp: latest
    checksum: 78db9daf1f6526a49cefee3917cc988f62dc7f25b5dd80ad6de4ffc4af7f0cab7491ac737626ff53e482a111bc53aac9e411fe3602458eca36f6a003ecf69c16
    languageName: node
    linkType: hard
  
  fsevents@~2.3.2:
    version: 2.3.2
    resolution: "fsevents@npm:2.3.2"
    dependencies:
      node-gyp: latest
    checksum: 97ade64e75091afee5265e6956cb72ba34db7819b4c3e94c431d4be2b19b8bb7a2d4116da417950c3425f17c8fe693d25e20212cac583ac1521ad066b77ae31f
    languageName: node
    linkType: hard
  
  "function-bind@npm:^1.1.1":
    version: 1.1.1
    resolution: "function-bind@npm:1.1.1"
    checksum: b32fbaebb3f8ec4969f033073b43f5c8befbb58f1a79e12f1d7490358150359ebd92f49e72ff0144f65f2c48ea2a605bff2d07965f548f6474fd8efd95bf361a
    languageName: node
    linkType: hard
  
  "gauge@npm:~2.7.3":
    version: 2.7.4
    resolution: "gauge@npm:2.7.4"
    dependencies:
      aproba: ^1.0.3
      console-control-strings: ^1.0.0
      has-unicode: ^2.0.0
      object-assign: ^4.1.0
      signal-exit: ^3.0.0
      string-width: ^1.0.1
      strip-ansi: ^3.0.1
      wide-align: ^1.1.0
    checksum: a89b53cee65579b46832e050b5f3a79a832cc422c190de79c6b8e2e15296ab92faddde6ddf2d376875cbba2b043efa99b9e1ed8124e7365f61b04e3cee9d40ee
    languageName: node
    linkType: hard
  
  "gensync@npm:^1.0.0-beta.2":
    version: 1.0.0-beta.2
    resolution: "gensync@npm:1.0.0-beta.2"
    checksum: a7437e58c6be12aa6c90f7730eac7fa9833dc78872b4ad2963d2031b00a3367a93f98aec75f9aaac7220848e4026d67a8655e870b24f20a543d103c0d65952ec
    languageName: node
    linkType: hard
  
  "gh-pages@npm:^3.2.3":
    version: 3.2.3
    resolution: "gh-pages@npm:3.2.3"
    dependencies:
      async: ^2.6.1
      commander: ^2.18.0
      email-addresses: ^3.0.1
      filenamify: ^4.3.0
      find-cache-dir: ^3.3.1
      fs-extra: ^8.1.0
      globby: ^6.1.0
    bin:
      gh-pages: bin/gh-pages.js
      gh-pages-clean: bin/gh-pages-clean.js
    checksum: 0a6e92180ce8fac6f244403d1c8af6d004615b96c7bafdc25da0022eab34f84470895587c618d440ae77b4b4ce1c1b85442ddf3184f53a522f87974da5a41760
    languageName: node
    linkType: hard
  
  "glob-parent@npm:~5.1.2":
    version: 5.1.2
    resolution: "glob-parent@npm:5.1.2"
    dependencies:
      is-glob: ^4.0.1
    checksum: f4f2bfe2425296e8a47e36864e4f42be38a996db40420fe434565e4480e3322f18eb37589617a98640c5dc8fdec1a387007ee18dbb1f3f5553409c34d17f425e
    languageName: node
    linkType: hard
  
  "glob@npm:^7.0.3, glob@npm:^7.1.3, glob@npm:^7.1.4":
    version: 7.1.7
    resolution: "glob@npm:7.1.7"
    dependencies:
      fs.realpath: ^1.0.0
      inflight: ^1.0.4
      inherits: 2
      minimatch: ^3.0.4
      once: ^1.3.0
      path-is-absolute: ^1.0.0
    checksum: b61f48973bbdcf5159997b0874a2165db572b368b931135832599875919c237fc05c12984e38fe828e69aa8a921eb0e8a4997266211c517c9cfaae8a93988bb8
    languageName: node
    linkType: hard
  
  "globals@npm:^11.1.0":
    version: 11.12.0
    resolution: "globals@npm:11.12.0"
    checksum: 67051a45eca3db904aee189dfc7cd53c20c7d881679c93f6146ddd4c9f4ab2268e68a919df740d39c71f4445d2b38ee360fc234428baea1dbdfe68bbcb46979e
    languageName: node
    linkType: hard
  
  "globby@npm:^6.1.0":
    version: 6.1.0
    resolution: "globby@npm:6.1.0"
    dependencies:
      array-union: ^1.0.1
      glob: ^7.0.3
      object-assign: ^4.0.1
      pify: ^2.0.0
      pinkie-promise: ^2.0.0
    checksum: 18109d6b9d55643d2b98b59c3cfae7073ccfe39829632f353d516cc124d836c2ddebe48a23f04af63d66a621b6d86dd4cbd7e6af906f2458a7fe510ffc4bd424
    languageName: node
    linkType: hard
  
  "graceful-fs@npm:^4.1.6, graceful-fs@npm:^4.2.0, graceful-fs@npm:^4.2.6":
    version: 4.2.8
    resolution: "graceful-fs@npm:4.2.8"
    checksum: 5d224c8969ad0581d551dfabdb06882706b31af2561bd5e2034b4097e67cc27d05232849b8643866585fd0a41c7af152950f8776f4dd5579e9853733f31461c6
    languageName: node
    linkType: hard
  
  "has-flag@npm:^3.0.0":
    version: 3.0.0
    resolution: "has-flag@npm:3.0.0"
    checksum: 4a15638b454bf086c8148979aae044dd6e39d63904cd452d970374fa6a87623423da485dfb814e7be882e05c096a7ccf1ebd48e7e7501d0208d8384ff4dea73b
    languageName: node
    linkType: hard
  
  "has-unicode@npm:^2.0.0":
    version: 2.0.1
    resolution: "has-unicode@npm:2.0.1"
    checksum: 1eab07a7436512db0be40a710b29b5dc21fa04880b7f63c9980b706683127e3c1b57cb80ea96d47991bdae2dfe479604f6a1ba410106ee1046a41d1bd0814400
    languageName: node
    linkType: hard
  
  "has@npm:^1.0.3":
    version: 1.0.3
    resolution: "has@npm:1.0.3"
    dependencies:
      function-bind: ^1.1.1
    checksum: b9ad53d53be4af90ce5d1c38331e712522417d017d5ef1ebd0507e07c2fbad8686fffb8e12ddecd4c39ca9b9b47431afbb975b8abf7f3c3b82c98e9aad052792
    languageName: node
    linkType: hard
  
  "history@npm:^4.9.0":
    version: 4.10.1
    resolution: "history@npm:4.10.1"
    dependencies:
      "@babel/runtime": ^7.1.2
      loose-envify: ^1.2.0
      resolve-pathname: ^3.0.0
      tiny-invariant: ^1.0.2
      tiny-warning: ^1.0.0
      value-equal: ^1.0.1
    checksum: addd84bc4683929bae4400419b5af132ff4e4e9b311a0d4e224579ea8e184a6b80d7f72c55927e4fa117f69076a9e47ce082d8d0b422f1a9ddac7991490ca1d0
    languageName: node
    linkType: hard
  
  "hoist-non-react-statics@npm:^3.1.0":
    version: 3.3.2
    resolution: "hoist-non-react-statics@npm:3.3.2"
    dependencies:
      react-is: ^16.7.0
    checksum: b1538270429b13901ee586aa44f4cc3ecd8831c061d06cb8322e50ea17b3f5ce4d0e2e66394761e6c8e152cd8c34fb3b4b690116c6ce2bd45b18c746516cb9e8
    languageName: node
    linkType: hard
  
  "http-cache-semantics@npm:^4.1.0":
    version: 4.1.0
    resolution: "http-cache-semantics@npm:4.1.0"
    checksum: 974de94a81c5474be07f269f9fd8383e92ebb5a448208223bfb39e172a9dbc26feff250192ecc23b9593b3f92098e010406b0f24bd4d588d631f80214648ed42
    languageName: node
    linkType: hard
  
  "http-proxy-agent@npm:^4.0.1":
    version: 4.0.1
    resolution: "http-proxy-agent@npm:4.0.1"
    dependencies:
      "@tootallnate/once": 1
      agent-base: 6
      debug: 4
    checksum: c6a5da5a1929416b6bbdf77b1aca13888013fe7eb9d59fc292e25d18e041bb154a8dfada58e223fc7b76b9b2d155a87e92e608235201f77d34aa258707963a82
    languageName: node
    linkType: hard
  
  "https-proxy-agent@npm:^5.0.0":
    version: 5.0.0
    resolution: "https-proxy-agent@npm:5.0.0"
    dependencies:
      agent-base: 6
      debug: 4
    checksum: 165bfb090bd26d47693597661298006841ab733d0c7383a8cb2f17373387a94c903a3ac687090aa739de05e379ab6f868bae84ab4eac288ad85c328cd1ec9e53
    languageName: node
    linkType: hard
  
  "humanize-ms@npm:^1.2.1":
    version: 1.2.1
    resolution: "humanize-ms@npm:1.2.1"
    dependencies:
      ms: ^2.0.0
    checksum: 9c7a74a2827f9294c009266c82031030eae811ca87b0da3dceb8d6071b9bde22c9f3daef0469c3c533cc67a97d8a167cd9fc0389350e5f415f61a79b171ded16
    languageName: node
    linkType: hard
  
  "iconv-lite@npm:^0.6.2":
    version: 0.6.3
    resolution: "iconv-lite@npm:0.6.3"
    dependencies:
      safer-buffer: ">= 2.1.2 < 3.0.0"
    checksum: 3f60d47a5c8fc3313317edfd29a00a692cc87a19cac0159e2ce711d0ebc9019064108323b5e493625e25594f11c6236647d8e256fbe7a58f4a3b33b89e6d30bf
    languageName: node
    linkType: hard
  
  "imurmurhash@npm:^0.1.4":
    version: 0.1.4
    resolution: "imurmurhash@npm:0.1.4"
    checksum: 7cae75c8cd9a50f57dadd77482359f659eaebac0319dd9368bcd1714f55e65badd6929ca58569da2b6494ef13fdd5598cd700b1eba23f8b79c5f19d195a3ecf7
    languageName: node
    linkType: hard
  
  "indent-string@npm:^4.0.0":
    version: 4.0.0
    resolution: "indent-string@npm:4.0.0"
    checksum: 824cfb9929d031dabf059bebfe08cf3137365e112019086ed3dcff6a0a7b698cb80cf67ccccde0e25b9e2d7527aa6cc1fed1ac490c752162496caba3e6699612
    languageName: node
    linkType: hard
  
  "infer-owner@npm:^1.0.4":
    version: 1.0.4
    resolution: "infer-owner@npm:1.0.4"
    checksum: 181e732764e4a0611576466b4b87dac338972b839920b2a8cde43642e4ed6bd54dc1fb0b40874728f2a2df9a1b097b8ff83b56d5f8f8e3927f837fdcb47d8a89
    languageName: node
    linkType: hard
  
  "inflight@npm:^1.0.4":
    version: 1.0.6
    resolution: "inflight@npm:1.0.6"
    dependencies:
      once: ^1.3.0
      wrappy: 1
    checksum: f4f76aa072ce19fae87ce1ef7d221e709afb59d445e05d47fba710e85470923a75de35bfae47da6de1b18afc3ce83d70facf44cfb0aff89f0a3f45c0a0244dfd
    languageName: node
    linkType: hard
  
  "inherits@npm:2, inherits@npm:~2.0.3":
    version: 2.0.4
    resolution: "inherits@npm:2.0.4"
    checksum: 4a48a733847879d6cf6691860a6b1e3f0f4754176e4d71494c41f3475553768b10f84b5ce1d40fbd0e34e6bfbb864ee35858ad4dd2cf31e02fc4a154b724d7f1
    languageName: node
    linkType: hard
  
  "ip@npm:^1.1.5":
    version: 1.1.5
    resolution: "ip@npm:1.1.5"
    checksum: 30133981f082a060a32644f6a7746e9ba7ac9e2bc07ecc8bbdda3ee8ca9bec1190724c390e45a1ee7695e7edfd2a8f7dda2c104ec5f7ac5068c00648504c7e5a
    languageName: node
    linkType: hard
  
  "is-binary-path@npm:~2.1.0":
    version: 2.1.0
    resolution: "is-binary-path@npm:2.1.0"
    dependencies:
      binary-extensions: ^2.0.0
    checksum: 84192eb88cff70d320426f35ecd63c3d6d495da9d805b19bc65b518984b7c0760280e57dbf119b7e9be6b161784a5a673ab2c6abe83abb5198a432232ad5b35c
    languageName: node
    linkType: hard
  
  "is-core-module@npm:^2.2.0":
    version: 2.6.0
    resolution: "is-core-module@npm:2.6.0"
    dependencies:
      has: ^1.0.3
    checksum: 183b3b96fed19822b13959876b0317e61fc2cb5ebcbc21639904c81f7ae328af57f8e18cc4750a9c4abebd686130c70d34a89521e57dbe002edfa4614507ce18
    languageName: node
    linkType: hard
  
  "is-extglob@npm:^2.1.1":
    version: 2.1.1
    resolution: "is-extglob@npm:2.1.1"
    checksum: df033653d06d0eb567461e58a7a8c9f940bd8c22274b94bf7671ab36df5719791aae15eef6d83bbb5e23283967f2f984b8914559d4449efda578c775c4be6f85
    languageName: node
    linkType: hard
  
  "is-fullwidth-code-point@npm:^1.0.0":
    version: 1.0.0
    resolution: "is-fullwidth-code-point@npm:1.0.0"
    dependencies:
      number-is-nan: ^1.0.0
    checksum: 4d46a7465a66a8aebcc5340d3b63a56602133874af576a9ca42c6f0f4bd787a743605771c5f246db77da96605fefeffb65fc1dbe862dcc7328f4b4d03edf5a57
    languageName: node
    linkType: hard
  
  "is-fullwidth-code-point@npm:^2.0.0":
    version: 2.0.0
    resolution: "is-fullwidth-code-point@npm:2.0.0"
    checksum: eef9c6e15f68085fec19ff6a978a6f1b8f48018fd1265035552078ee945573594933b09bbd6f562553e2a241561439f1ef5339276eba68d272001343084cfab8
    languageName: node
    linkType: hard
  
  "is-glob@npm:^4.0.1, is-glob@npm:~4.0.1":
    version: 4.0.1
    resolution: "is-glob@npm:4.0.1"
    dependencies:
      is-extglob: ^2.1.1
    checksum: 84627cad11b4e745f5db5a163f32c47b711585a5ff6e14f8f8d026db87f4cdd3e2c95f6fa1f94ad22e469f36d819ae2814f03f9c668b164422ac3354a94672d3
    languageName: node
    linkType: hard
  
  "is-lambda@npm:^1.0.1":
    version: 1.0.1
    resolution: "is-lambda@npm:1.0.1"
    checksum: 93a32f01940220532e5948538699ad610d5924ac86093fcee83022252b363eb0cc99ba53ab084a04e4fb62bf7b5731f55496257a4c38adf87af9c4d352c71c35
    languageName: node
    linkType: hard
  
  "is-number@npm:^7.0.0":
    version: 7.0.0
    resolution: "is-number@npm:7.0.0"
    checksum: 456ac6f8e0f3111ed34668a624e45315201dff921e5ac181f8ec24923b99e9f32ca1a194912dc79d539c97d33dba17dc635202ff0b2cf98326f608323276d27a
    languageName: node
    linkType: hard
  
  "isarray@npm:0.0.1":
    version: 0.0.1
    resolution: "isarray@npm:0.0.1"
    checksum: 49191f1425681df4a18c2f0f93db3adb85573bcdd6a4482539d98eac9e705d8961317b01175627e860516a2fc45f8f9302db26e5a380a97a520e272e2a40a8d4
    languageName: node
    linkType: hard
  
  "isarray@npm:~1.0.0":
    version: 1.0.0
    resolution: "isarray@npm:1.0.0"
    checksum: f032df8e02dce8ec565cf2eb605ea939bdccea528dbcf565cdf92bfa2da9110461159d86a537388ef1acef8815a330642d7885b29010e8f7eac967c9993b65ab
    languageName: node
    linkType: hard
  
  "isexe@npm:^2.0.0":
    version: 2.0.0
    resolution: "isexe@npm:2.0.0"
    checksum: 26bf6c5480dda5161c820c5b5c751ae1e766c587b1f951ea3fcfc973bafb7831ae5b54a31a69bd670220e42e99ec154475025a468eae58ea262f813fdc8d1c62
    languageName: node
    linkType: hard
  
  "js-tokens@npm:^3.0.0 || ^4.0.0, js-tokens@npm:^4.0.0":
    version: 4.0.0
    resolution: "js-tokens@npm:4.0.0"
    checksum: 8a95213a5a77deb6cbe94d86340e8d9ace2b93bc367790b260101d2f36a2eaf4e4e22d9fa9cf459b38af3a32fb4190e638024cf82ec95ef708680e405ea7cc78
    languageName: node
    linkType: hard
  
  "jsesc@npm:^2.5.1":
    version: 2.5.2
    resolution: "jsesc@npm:2.5.2"
    bin:
      jsesc: bin/jsesc
    checksum: 4dc190771129e12023f729ce20e1e0bfceac84d73a85bc3119f7f938843fe25a4aeccb54b6494dce26fcf263d815f5f31acdefac7cc9329efb8422a4f4d9fa9d
    languageName: node
    linkType: hard
  
  "json5@npm:^2.1.2":
    version: 2.2.0
    resolution: "json5@npm:2.2.0"
    dependencies:
      minimist: ^1.2.5
    bin:
      json5: lib/cli.js
    checksum: e88fc5274bb58fc99547baa777886b069d2dd96d9cfc4490b305fd16d711dabd5979e35a4f90873cefbeb552e216b041a304fe56702bedba76e19bc7845f208d
    languageName: node
    linkType: hard
  
  "jsonfile@npm:^4.0.0":
    version: 4.0.0
    resolution: "jsonfile@npm:4.0.0"
    dependencies:
      graceful-fs: ^4.1.6
    dependenciesMeta:
      graceful-fs:
        optional: true
    checksum: 6447d6224f0d31623eef9b51185af03ac328a7553efcee30fa423d98a9e276ca08db87d71e17f2310b0263fd3ffa6c2a90a6308367f661dc21580f9469897c9e
    languageName: node
    linkType: hard
  
  "locate-path@npm:^5.0.0":
    version: 5.0.0
    resolution: "locate-path@npm:5.0.0"
    dependencies:
      p-locate: ^4.1.0
    checksum: 83e51725e67517287d73e1ded92b28602e3ae5580b301fe54bfb76c0c723e3f285b19252e375712316774cf52006cb236aed5704692c32db0d5d089b69696e30
    languageName: node
    linkType: hard
  
  "lodash.curry@npm:^4.0.1":
    version: 4.1.1
    resolution: "lodash.curry@npm:4.1.1"
    checksum: 9192b70fe7df4d1ff780c0260bee271afa9168c93fe4fa24bc861900240531b59781b5fdaadf4644fea8f4fbcd96f0700539ab294b579ffc1022c6c15dcc462a
    languageName: node
    linkType: hard
  
  "lodash.flow@npm:^3.3.0":
    version: 3.5.0
    resolution: "lodash.flow@npm:3.5.0"
    checksum: a9a62ad344e3c5a1f42bc121da20f64dd855aaafecee24b1db640f29b88bd165d81c37ff7e380a7191de6f70b26f5918abcebbee8396624f78f3618a0b18634c
    languageName: node
    linkType: hard
  
  "lodash@npm:^4.17.14":
    version: 4.17.21
    resolution: "lodash@npm:4.17.21"
    checksum: eb835a2e51d381e561e508ce932ea50a8e5a68f4ebdd771ea240d3048244a8d13658acbd502cd4829768c56f2e16bdd4340b9ea141297d472517b83868e677f7
    languageName: node
    linkType: hard
  
  "loose-envify@npm:^1.0.0, loose-envify@npm:^1.1.0, loose-envify@npm:^1.2.0, loose-envify@npm:^1.3.1, loose-envify@npm:^1.4.0":
    version: 1.4.0
    resolution: "loose-envify@npm:1.4.0"
    dependencies:
      js-tokens: ^3.0.0 || ^4.0.0
    bin:
      loose-envify: cli.js
    checksum: 6517e24e0cad87ec9888f500c5b5947032cdfe6ef65e1c1936a0c48a524b81e65542c9c3edc91c97d5bddc806ee2a985dbc79be89215d613b1de5db6d1cfe6f4
    languageName: node
    linkType: hard
  
  "lru-cache@npm:^6.0.0":
    version: 6.0.0
    resolution: "lru-cache@npm:6.0.0"
    dependencies:
      yallist: ^4.0.0
    checksum: f97f499f898f23e4585742138a22f22526254fdba6d75d41a1c2526b3b6cc5747ef59c5612ba7375f42aca4f8461950e925ba08c991ead0651b4918b7c978297
    languageName: node
    linkType: hard
  
  "make-dir@npm:^3.0.2":
    version: 3.1.0
    resolution: "make-dir@npm:3.1.0"
    dependencies:
      semver: ^6.0.0
    checksum: 484200020ab5a1fdf12f393fe5f385fc8e4378824c940fba1729dcd198ae4ff24867bc7a5646331e50cead8abff5d9270c456314386e629acec6dff4b8016b78
    languageName: node
    linkType: hard
  
  "make-fetch-happen@npm:^8.0.14":
    version: 8.0.14
    resolution: "make-fetch-happen@npm:8.0.14"
    dependencies:
      agentkeepalive: ^4.1.3
      cacache: ^15.0.5
      http-cache-semantics: ^4.1.0
      http-proxy-agent: ^4.0.1
      https-proxy-agent: ^5.0.0
      is-lambda: ^1.0.1
      lru-cache: ^6.0.0
      minipass: ^3.1.3
      minipass-collect: ^1.0.2
      minipass-fetch: ^1.3.2
      minipass-flush: ^1.0.5
      minipass-pipeline: ^1.2.4
      promise-retry: ^2.0.1
      socks-proxy-agent: ^5.0.0
      ssri: ^8.0.0
    checksum: 326fefde1aec1f1314e548be74baaaa322208718d1b51c9688a326f73dea70f57767b4f5423230e39408cfe7c6dcf7adcf86ca4798c919c3ea78f54532910434
    languageName: node
    linkType: hard
  
  "mini-create-react-context@npm:^0.4.0":
    version: 0.4.1
    resolution: "mini-create-react-context@npm:0.4.1"
    dependencies:
      "@babel/runtime": ^7.12.1
      tiny-warning: ^1.0.3
    peerDependencies:
      prop-types: ^15.0.0
      react: ^0.14.0 || ^15.0.0 || ^16.0.0 || ^17.0.0
    checksum: f8cb2c7738aac355fe9ce7e8425f371b7fa90daddd5133edda4ccfdc18c49043b2ec04be6f3abf09b60a0f52549d54f158d5bfd81cdfb1a658531e5b9fe7bc6a
    languageName: node
    linkType: hard
  
  "minimatch@npm:^3.0.4":
    version: 3.0.4
    resolution: "minimatch@npm:3.0.4"
    dependencies:
      brace-expansion: ^1.1.7
    checksum: 66ac295f8a7b59788000ea3749938b0970344c841750abd96694f80269b926ebcafad3deeb3f1da2522978b119e6ae3a5869b63b13a7859a456b3408bd18a078
    languageName: node
    linkType: hard
  
  "minimist@npm:^1.2.5":
    version: 1.2.5
    resolution: "minimist@npm:1.2.5"
    checksum: 86706ce5b36c16bfc35c5fe3dbb01d5acdc9a22f2b6cc810b6680656a1d2c0e44a0159c9a3ba51fb072bb5c203e49e10b51dcd0eec39c481f4c42086719bae52
    languageName: node
    linkType: hard
  
  "minipass-collect@npm:^1.0.2":
    version: 1.0.2
    resolution: "minipass-collect@npm:1.0.2"
    dependencies:
      minipass: ^3.0.0
    checksum: 14df761028f3e47293aee72888f2657695ec66bd7d09cae7ad558da30415fdc4752bbfee66287dcc6fd5e6a2fa3466d6c484dc1cbd986525d9393b9523d97f10
    languageName: node
    linkType: hard
  
  "minipass-fetch@npm:^1.3.2":
    version: 1.4.1
    resolution: "minipass-fetch@npm:1.4.1"
    dependencies:
      encoding: ^0.1.12
      minipass: ^3.1.0
      minipass-sized: ^1.0.3
      minizlib: ^2.0.0
    dependenciesMeta:
      encoding:
        optional: true
    checksum: ec93697bdb62129c4e6c0104138e681e30efef8c15d9429dd172f776f83898471bc76521b539ff913248cc2aa6d2b37b652c993504a51cc53282563640f29216
    languageName: node
    linkType: hard
  
  "minipass-flush@npm:^1.0.5":
    version: 1.0.5
    resolution: "minipass-flush@npm:1.0.5"
    dependencies:
      minipass: ^3.0.0
    checksum: 56269a0b22bad756a08a94b1ffc36b7c9c5de0735a4dd1ab2b06c066d795cfd1f0ac44a0fcae13eece5589b908ecddc867f04c745c7009be0b566421ea0944cf
    languageName: node
    linkType: hard
  
  "minipass-pipeline@npm:^1.2.2, minipass-pipeline@npm:^1.2.4":
    version: 1.2.4
    resolution: "minipass-pipeline@npm:1.2.4"
    dependencies:
      minipass: ^3.0.0
    checksum: b14240dac0d29823c3d5911c286069e36d0b81173d7bdf07a7e4a91ecdef92cdff4baaf31ea3746f1c61e0957f652e641223970870e2353593f382112257971b
    languageName: node
    linkType: hard
  
  "minipass-sized@npm:^1.0.3":
    version: 1.0.3
    resolution: "minipass-sized@npm:1.0.3"
    dependencies:
      minipass: ^3.0.0
    checksum: 79076749fcacf21b5d16dd596d32c3b6bf4d6e62abb43868fac21674078505c8b15eaca4e47ed844985a4514854f917d78f588fcd029693709417d8f98b2bd60
    languageName: node
    linkType: hard
  
  "minipass@npm:^3.0.0, minipass@npm:^3.1.0, minipass@npm:^3.1.1, minipass@npm:^3.1.3":
    version: 3.1.3
    resolution: "minipass@npm:3.1.3"
    dependencies:
      yallist: ^4.0.0
    checksum: 74b623c1f996caafa66772301b66a1b634b20270f0d1a731ef86195d5a1a5f9984a773a1e88a6cecfd264d6c471c4c0fc8574cd96488f01c8f74c0b600021e55
    languageName: node
    linkType: hard
  
  "minizlib@npm:^2.0.0, minizlib@npm:^2.1.1":
    version: 2.1.2
    resolution: "minizlib@npm:2.1.2"
    dependencies:
      minipass: ^3.0.0
      yallist: ^4.0.0
    checksum: f1fdeac0b07cf8f30fcf12f4b586795b97be856edea22b5e9072707be51fc95d41487faec3f265b42973a304fe3a64acd91a44a3826a963e37b37bafde0212c3
    languageName: node
    linkType: hard
  
  "mkdirp@npm:^1.0.3, mkdirp@npm:^1.0.4":
    version: 1.0.4
    resolution: "mkdirp@npm:1.0.4"
    bin:
      mkdirp: bin/cmd.js
    checksum: a96865108c6c3b1b8e1d5e9f11843de1e077e57737602de1b82030815f311be11f96f09cce59bd5b903d0b29834733e5313f9301e3ed6d6f6fba2eae0df4298f
    languageName: node
    linkType: hard
  
  "ms@npm:2.1.2":
    version: 2.1.2
    resolution: "ms@npm:2.1.2"
    checksum: 673cdb2c3133eb050c745908d8ce632ed2c02d85640e2edb3ace856a2266a813b30c613569bf3354fdf4ea7d1a1494add3bfa95e2713baa27d0c2c71fc44f58f
    languageName: node
    linkType: hard
  
  "ms@npm:^2.0.0":
    version: 2.1.3
    resolution: "ms@npm:2.1.3"
    checksum: aa92de608021b242401676e35cfa5aa42dd70cbdc082b916da7fb925c542173e36bce97ea3e804923fe92c0ad991434e4a38327e15a1b5b5f945d66df615ae6d
    languageName: node
    linkType: hard
  
  "nanoid@npm:^3.1.23":
    version: 3.1.25
    resolution: "nanoid@npm:3.1.25"
    bin:
      nanoid: bin/nanoid.cjs
    checksum: e2353828c7d8fde65265e9c981380102e2021f292038a93fd27288bad390339833286e8cbc7531abe1cb2c6b317e55f38b895dcb775151637bb487388558e0ff
    languageName: node
    linkType: hard
  
  "nhsuk-frontend@npm:^5.1.0":
    version: 5.1.0
    resolution: "nhsuk-frontend@npm:5.1.0"
    checksum: 270efd1ff199bcc3671a2511cb0c6ce8066766779cc0b72e1d4e2728b367e430e0b42f40b5f972ac3add3a2251a1f0ca8d14acfb450fb2d4c82f6aa5b10cf5e8
    languageName: node
    linkType: hard
  
  "nhsuk-react-components@npm:^2.0.0-beta.1":
    version: 2.0.0-test.2
    resolution: "nhsuk-react-components@npm:2.0.0-test.2"
    dependencies:
      classnames: ^2.2.6
    peerDependencies:
      nhsuk-frontend: ">=4.0.0"
      react: ^16.8.0
      react-dom: ^16.8.0
    checksum: cfdeb75007951e52b18e06be0887d0d5792fb92254348858bed4f90299178b9ed63682129cb2f604cadafadc05a4d7bb4ca1de5b3c7f470461749c033665a095
    languageName: node
    linkType: hard
  
  "node-fetch@npm:2.6.1":
    version: 2.6.1
    resolution: "node-fetch@npm:2.6.1"
    checksum: 91075bedd57879117e310fbcc36983ad5d699e522edb1ebcdc4ee5294c982843982652925c3532729fdc86b2d64a8a827797a745f332040d91823c8752ee4d7c
    languageName: node
    linkType: hard
  
  "node-gyp@npm:latest":
    version: 8.2.0
    resolution: "node-gyp@npm:8.2.0"
    dependencies:
      env-paths: ^2.2.0
      glob: ^7.1.4
      graceful-fs: ^4.2.6
      make-fetch-happen: ^8.0.14
      nopt: ^5.0.0
      npmlog: ^4.1.2
      rimraf: ^3.0.2
      semver: ^7.3.5
      tar: ^6.1.2
      which: ^2.0.2
    bin:
      node-gyp: bin/node-gyp.js
    checksum: 5e0e755eab8ca88647d20fc8aba4095560c3dd549686e86761b57b8489d93a1af68b0dccf881e5314bfce4d7ca290f8248e192915ccd3e18bf46571d72da6a9d
    languageName: node
    linkType: hard
  
  "node-releases@npm:^1.1.75":
    version: 1.1.75
    resolution: "node-releases@npm:1.1.75"
    checksum: 74028e7d193c9c5986b2f6bb51f4f6405a3f144599bbb19751c81faece52af8eb3f5abac40cbcd11ead44be3f856be125aa71fbb8dd8bf0c7f90caa94179ee51
    languageName: node
    linkType: hard
  
  "nopt@npm:^5.0.0":
    version: 5.0.0
    resolution: "nopt@npm:5.0.0"
    dependencies:
      abbrev: 1
    bin:
      nopt: bin/nopt.js
    checksum: d35fdec187269503843924e0114c0c6533fb54bbf1620d0f28b4b60ba01712d6687f62565c55cc20a504eff0fbe5c63e22340c3fad549ad40469ffb611b04f2f
    languageName: node
    linkType: hard
  
  "normalize-path@npm:^3.0.0, normalize-path@npm:~3.0.0":
    version: 3.0.0
    resolution: "normalize-path@npm:3.0.0"
    checksum: 88eeb4da891e10b1318c4b2476b6e2ecbeb5ff97d946815ffea7794c31a89017c70d7f34b3c2ebf23ef4e9fc9fb99f7dffe36da22011b5b5c6ffa34f4873ec20
    languageName: node
    linkType: hard
  
  "npmlog@npm:^4.1.2":
    version: 4.1.2
    resolution: "npmlog@npm:4.1.2"
    dependencies:
      are-we-there-yet: ~1.1.2
      console-control-strings: ~1.1.0
      gauge: ~2.7.3
      set-blocking: ~2.0.0
    checksum: edbda9f95ec20957a892de1839afc6fb735054c3accf6fbefe767bac9a639fd5cea2baeac6bd2bcd50a85cb54924d57d9886c81c7fbc2332c2ddd19227504192
    languageName: node
    linkType: hard
  
  "number-is-nan@npm:^1.0.0":
    version: 1.0.1
    resolution: "number-is-nan@npm:1.0.1"
    checksum: 13656bc9aa771b96cef209ffca31c31a03b507ca6862ba7c3f638a283560620d723d52e626d57892c7fff475f4c36ac07f0600f14544692ff595abff214b9ffb
    languageName: node
    linkType: hard
  
  "object-assign@npm:^4.0.1, object-assign@npm:^4.1.0, object-assign@npm:^4.1.1":
    version: 4.1.1
    resolution: "object-assign@npm:4.1.1"
    checksum: fcc6e4ea8c7fe48abfbb552578b1c53e0d194086e2e6bbbf59e0a536381a292f39943c6e9628af05b5528aa5e3318bb30d6b2e53cadaf5b8fe9e12c4b69af23f
    languageName: node
    linkType: hard
  
  "once@npm:^1.3.0":
    version: 1.4.0
    resolution: "once@npm:1.4.0"
    dependencies:
      wrappy: 1
    checksum: cd0a88501333edd640d95f0d2700fbde6bff20b3d4d9bdc521bdd31af0656b5706570d6c6afe532045a20bb8dc0849f8332d6f2a416e0ba6d3d3b98806c7db68
    languageName: node
    linkType: hard
  
  "p-limit@npm:^2.2.0":
    version: 2.3.0
    resolution: "p-limit@npm:2.3.0"
    dependencies:
      p-try: ^2.0.0
    checksum: 84ff17f1a38126c3314e91ecfe56aecbf36430940e2873dadaa773ffe072dc23b7af8e46d4b6485d302a11673fe94c6b67ca2cfbb60c989848b02100d0594ac1
    languageName: node
    linkType: hard
  
  "p-locate@npm:^4.1.0":
    version: 4.1.0
    resolution: "p-locate@npm:4.1.0"
    dependencies:
      p-limit: ^2.2.0
    checksum: 513bd14a455f5da4ebfcb819ef706c54adb09097703de6aeaa5d26fe5ea16df92b48d1ac45e01e3944ce1e6aa2a66f7f8894742b8c9d6e276e16cd2049a2b870
    languageName: node
    linkType: hard
  
  "p-map@npm:^4.0.0":
    version: 4.0.0
    resolution: "p-map@npm:4.0.0"
    dependencies:
      aggregate-error: ^3.0.0
    checksum: cb0ab21ec0f32ddffd31dfc250e3afa61e103ef43d957cc45497afe37513634589316de4eb88abdfd969fe6410c22c0b93ab24328833b8eb1ccc087fc0442a1c
    languageName: node
    linkType: hard
  
  "p-try@npm:^2.0.0":
    version: 2.2.0
    resolution: "p-try@npm:2.2.0"
    checksum: f8a8e9a7693659383f06aec604ad5ead237c7a261c18048a6e1b5b85a5f8a067e469aa24f5bc009b991ea3b058a87f5065ef4176793a200d4917349881216cae
    languageName: node
    linkType: hard
  
  "path-exists@npm:^4.0.0":
    version: 4.0.0
    resolution: "path-exists@npm:4.0.0"
    checksum: 505807199dfb7c50737b057dd8d351b82c033029ab94cb10a657609e00c1bc53b951cfdbccab8de04c5584d5eff31128ce6afd3db79281874a5ef2adbba55ed1
    languageName: node
    linkType: hard
  
  "path-is-absolute@npm:^1.0.0":
    version: 1.0.1
    resolution: "path-is-absolute@npm:1.0.1"
    checksum: 060840f92cf8effa293bcc1bea81281bd7d363731d214cbe5c227df207c34cd727430f70c6037b5159c8a870b9157cba65e775446b0ab06fd5ecc7e54615a3b8
    languageName: node
    linkType: hard
  
  "path-parse@npm:^1.0.6":
    version: 1.0.7
    resolution: "path-parse@npm:1.0.7"
    checksum: 49abf3d81115642938a8700ec580da6e830dde670be21893c62f4e10bd7dd4c3742ddc603fe24f898cba7eb0c6bc1777f8d9ac14185d34540c6d4d80cd9cae8a
    languageName: node
    linkType: hard
  
  "path-to-regexp@npm:^1.7.0":
    version: 1.8.0
    resolution: "path-to-regexp@npm:1.8.0"
    dependencies:
      isarray: 0.0.1
    checksum: 709f6f083c0552514ef4780cb2e7e4cf49b0cc89a97439f2b7cc69a608982b7690fb5d1720a7473a59806508fc2dae0be751ba49f495ecf89fd8fbc62abccbcd
    languageName: node
    linkType: hard
  
  "picomatch@npm:^2.0.4, picomatch@npm:^2.2.1, picomatch@npm:^2.2.2":
    version: 2.3.0
    resolution: "picomatch@npm:2.3.0"
    checksum: 16818720ea7c5872b6af110760dee856c8e4cd79aed1c7a006d076b1cc09eff3ae41ca5019966694c33fbd2e1cc6ea617ab10e4adac6df06556168f13be3fca2
    languageName: node
    linkType: hard
  
  "pify@npm:^2.0.0":
    version: 2.3.0
    resolution: "pify@npm:2.3.0"
    checksum: 9503aaeaf4577acc58642ad1d25c45c6d90288596238fb68f82811c08104c800e5a7870398e9f015d82b44ecbcbef3dc3d4251a1cbb582f6e5959fe09884b2ba
    languageName: node
    linkType: hard
  
  "pinkie-promise@npm:^2.0.0":
    version: 2.0.1
    resolution: "pinkie-promise@npm:2.0.1"
    dependencies:
      pinkie: ^2.0.0
    checksum: b53a4a2e73bf56b6f421eef711e7bdcb693d6abb474d57c5c413b809f654ba5ee750c6a96dd7225052d4b96c4d053cdcb34b708a86fceed4663303abee52fcca
    languageName: node
    linkType: hard
  
  "pinkie@npm:^2.0.0":
    version: 2.0.4
    resolution: "pinkie@npm:2.0.4"
    checksum: b12b10afea1177595aab036fc220785488f67b4b0fc49e7a27979472592e971614fa1c728e63ad3e7eb748b4ec3c3dbd780819331dad6f7d635c77c10537b9db
    languageName: node
    linkType: hard
  
  "pkg-dir@npm:^4.1.0":
    version: 4.2.0
    resolution: "pkg-dir@npm:4.2.0"
    dependencies:
      find-up: ^4.0.0
    checksum: 9863e3f35132bf99ae1636d31ff1e1e3501251d480336edb1c211133c8d58906bed80f154a1d723652df1fda91e01c7442c2eeaf9dc83157c7ae89087e43c8d6
    languageName: node
    linkType: hard
  
  "postcss@npm:^8.3.6":
    version: 8.3.6
    resolution: "postcss@npm:8.3.6"
    dependencies:
      colorette: ^1.2.2
      nanoid: ^3.1.23
      source-map-js: ^0.6.2
    checksum: ff55b91bea21f42c2a94d77fd05c3f66dd15889c68506cf1dbb9cdee8c3b9e9d0e219bcbc6e61a107bd63e3cac0670176486e2a5794c106a4e1b9babceb79317
    languageName: node
    linkType: hard
  
  "process-nextick-args@npm:~2.0.0":
    version: 2.0.1
    resolution: "process-nextick-args@npm:2.0.1"
    checksum: 1d38588e520dab7cea67cbbe2efdd86a10cc7a074c09657635e34f035277b59fbb57d09d8638346bf7090f8e8ebc070c96fa5fd183b777fff4f5edff5e9466cf
    languageName: node
    linkType: hard
  
  "promise-inflight@npm:^1.0.1":
    version: 1.0.1
    resolution: "promise-inflight@npm:1.0.1"
    checksum: 22749483091d2c594261517f4f80e05226d4d5ecc1fc917e1886929da56e22b5718b7f2a75f3807e7a7d471bc3be2907fe92e6e8f373ddf5c64bae35b5af3981
    languageName: node
    linkType: hard
  
  "promise-retry@npm:^2.0.1":
    version: 2.0.1
    resolution: "promise-retry@npm:2.0.1"
    dependencies:
      err-code: ^2.0.2
      retry: ^0.12.0
    checksum: f96a3f6d90b92b568a26f71e966cbbc0f63ab85ea6ff6c81284dc869b41510e6cdef99b6b65f9030f0db422bf7c96652a3fff9f2e8fb4a0f069d8f4430359429
    languageName: node
    linkType: hard
  
  "promise@npm:^7.1.1":
    version: 7.3.1
    resolution: "promise@npm:7.3.1"
    dependencies:
      asap: ~2.0.3
    checksum: 475bb069130179fbd27ed2ab45f26d8862376a137a57314cf53310bdd85cc986a826fd585829be97ebc0aaf10e9d8e68be1bfe5a4a0364144b1f9eedfa940cf1
    languageName: node
    linkType: hard
  
  "prop-types@npm:^15.6.2":
    version: 15.7.2
    resolution: "prop-types@npm:15.7.2"
    dependencies:
      loose-envify: ^1.4.0
      object-assign: ^4.1.1
      react-is: ^16.8.1
    checksum: 5eef82fdda64252c7e75aa5c8cc28a24bbdece0f540adb60ce67c205cf978a5bd56b83e4f269f91c6e4dcfd80b36f2a2dec24d362e278913db2086ca9c6f9430
    languageName: node
    linkType: hard
  
  "pure-color@npm:^1.2.0":
    version: 1.3.0
    resolution: "pure-color@npm:1.3.0"
    checksum: 646d8bed6e6eab89affdd5e2c11f607a85b631a7fb03c061dfa658eb4dc4806881a15feed2ac5fd8c0bad8c00c632c640d5b1cb8b9a972e6e947393a1329371b
    languageName: node
    linkType: hard
  
  "react-base16-styling@npm:^0.6.0":
    version: 0.6.0
    resolution: "react-base16-styling@npm:0.6.0"
    dependencies:
      base16: ^1.0.0
      lodash.curry: ^4.0.1
      lodash.flow: ^3.3.0
      pure-color: ^1.2.0
    checksum: 00a12dddafc8a9025cca933b0dcb65fca41c81fa176d1fc3a6a9d0242127042e2c0a604f4c724a3254dd2c6aeb5ef55095522ff22f5462e419641c1341a658e4
    languageName: node
    linkType: hard
  
  "react-dom@npm:^17.0.0":
    version: 17.0.2
    resolution: "react-dom@npm:17.0.2"
    dependencies:
      loose-envify: ^1.1.0
      object-assign: ^4.1.1
      scheduler: ^0.20.2
    peerDependencies:
      react: 17.0.2
    checksum: 1c1eaa3bca7c7228d24b70932e3d7c99e70d1d04e13bb0843bbf321582bc25d7961d6b8a6978a58a598af2af496d1cedcfb1bf65f6b0960a0a8161cb8dab743c
    languageName: node
    linkType: hard
  
  "react-is@npm:^16.6.0, react-is@npm:^16.7.0, react-is@npm:^16.8.1":
    version: 16.13.1
    resolution: "react-is@npm:16.13.1"
    checksum: f7a19ac3496de32ca9ae12aa030f00f14a3d45374f1ceca0af707c831b2a6098ef0d6bdae51bd437b0a306d7f01d4677fcc8de7c0d331eb47ad0f46130e53c5f
    languageName: node
    linkType: hard
  
  "react-json-view@npm:^1.21.3":
    version: 1.21.3
    resolution: "react-json-view@npm:1.21.3"
    dependencies:
      flux: ^4.0.1
      react-base16-styling: ^0.6.0
      react-lifecycles-compat: ^3.0.4
      react-textarea-autosize: ^8.3.2
    peerDependencies:
      react: ^17.0.0 || ^16.3.0 || ^15.5.4
      react-dom: ^17.0.0 || ^16.3.0 || ^15.5.4
    checksum: 5718bcd9210ad5b06eb9469cf8b9b44be9498845a7702e621343618e8251f26357e6e1c865532cf170db6165df1cb30202787e057309d8848c220bc600ec0d1a
    languageName: node
    linkType: hard
  
  "react-lifecycles-compat@npm:^3.0.4":
    version: 3.0.4
    resolution: "react-lifecycles-compat@npm:3.0.4"
    checksum: a904b0fc0a8eeb15a148c9feb7bc17cec7ef96e71188280061fc340043fd6d8ee3ff233381f0e8f95c1cf926210b2c4a31f38182c8f35ac55057e453d6df204f
    languageName: node
    linkType: hard
  
  "react-refresh@npm:^0.10.0":
    version: 0.10.0
    resolution: "react-refresh@npm:0.10.0"
    checksum: 089b8ea9ad8038046c0467a2476595eedab9e30620f50daa50e844c81d626de43a44a6a628256ae58e68885d5fe1d7e05074ddfd99ece3808b013d043f0c6030
    languageName: node
    linkType: hard
  
  "react-router-dom@npm:^5.3.0":
    version: 5.3.0
    resolution: "react-router-dom@npm:5.3.0"
    dependencies:
      "@babel/runtime": ^7.12.13
      history: ^4.9.0
      loose-envify: ^1.3.1
      prop-types: ^15.6.2
      react-router: 5.2.1
      tiny-invariant: ^1.0.2
      tiny-warning: ^1.0.0
    peerDependencies:
      react: ">=15"
    checksum: 47584fd629ecca52398d7888cab193b8a74057cc99a7ef44410c405d4082f618c3c0399db5325bc3524f9c511404086169570013b61a94dfa6acdfdc850d7a1f
    languageName: node
    linkType: hard
  
  "react-router@npm:5.2.1":
    version: 5.2.1
    resolution: "react-router@npm:5.2.1"
    dependencies:
      "@babel/runtime": ^7.12.13
      history: ^4.9.0
      hoist-non-react-statics: ^3.1.0
      loose-envify: ^1.3.1
      mini-create-react-context: ^0.4.0
      path-to-regexp: ^1.7.0
      prop-types: ^15.6.2
      react-is: ^16.6.0
      tiny-invariant: ^1.0.2
      tiny-warning: ^1.0.0
    peerDependencies:
      react: ">=15"
    checksum: 7daae084bf64531eb619cc5f4cc40ce5ae0a541b64f71d74ec71a38cbf6130ebdbb7cf38f157303fad5846deec259401f96c4d6c7386466dcc989719e01f9aaa
    languageName: node
    linkType: hard
  
  "react-textarea-autosize@npm:^8.3.2":
    version: 8.3.3
    resolution: "react-textarea-autosize@npm:8.3.3"
    dependencies:
      "@babel/runtime": ^7.10.2
      use-composed-ref: ^1.0.0
      use-latest: ^1.0.0
    peerDependencies:
      react: ^16.8.0 || ^17.0.0
    checksum: da3d0192825df3d9f27eef33e7eddf928359a7e3e2b01ae7f7f672ecf4e5c1f7a34f27bdde9ccc24e2e9fbe1d1b9dd2a39c7d47323c9bdf63e7b9bd05c325a71
    languageName: node
    linkType: hard
  
  "react@npm:^17.0.0":
    version: 17.0.2
    resolution: "react@npm:17.0.2"
    dependencies:
      loose-envify: ^1.1.0
      object-assign: ^4.1.1
    checksum: b254cc17ce3011788330f7bbf383ab653c6848902d7936a87b09d835d091e3f295f7e9dd1597c6daac5dc80f90e778c8230218ba8ad599f74adcc11e33b9d61b
    languageName: node
    linkType: hard
  
  "readable-stream@npm:^2.0.6":
    version: 2.3.7
    resolution: "readable-stream@npm:2.3.7"
    dependencies:
      core-util-is: ~1.0.0
      inherits: ~2.0.3
      isarray: ~1.0.0
      process-nextick-args: ~2.0.0
      safe-buffer: ~5.1.1
      string_decoder: ~1.1.1
      util-deprecate: ~1.0.1
    checksum: e4920cf7549a60f8aaf694d483a0e61b2a878b969d224f89b3bc788b8d920075132c4b55a7494ee944c7b6a9a0eada28a7f6220d80b0312ece70bbf08eeca755
    languageName: node
    linkType: hard
  
  "readdirp@npm:~3.6.0":
    version: 3.6.0
    resolution: "readdirp@npm:3.6.0"
    dependencies:
      picomatch: ^2.2.1
    checksum: 1ced032e6e45670b6d7352d71d21ce7edf7b9b928494dcaba6f11fba63180d9da6cd7061ebc34175ffda6ff529f481818c962952004d273178acd70f7059b320
    languageName: node
    linkType: hard
  
  "regenerator-runtime@npm:^0.13.4":
    version: 0.13.9
    resolution: "regenerator-runtime@npm:0.13.9"
    checksum: 65ed455fe5afd799e2897baf691ca21c2772e1a969d19bb0c4695757c2d96249eb74ee3553ea34a91062b2a676beedf630b4c1551cc6299afb937be1426ec55e
    languageName: node
    linkType: hard
  
  "resolve-pathname@npm:^3.0.0":
    version: 3.0.0
    resolution: "resolve-pathname@npm:3.0.0"
    checksum: 6147241ba42c423dbe83cb067a2b4af4f60908c3af57e1ea567729cc71416c089737fe2a73e9e79e7a60f00f66c91e4b45ad0d37cd4be2d43fec44963ef14368
    languageName: node
    linkType: hard
  
  resolve@^1.20.0:
    version: 1.20.0
    resolution: "resolve@npm:1.20.0"
    dependencies:
      is-core-module: ^2.2.0
      path-parse: ^1.0.6
    checksum: 40cf70b2cde00ef57f99daf2dc63c6a56d6c14a1b7fc51735d06a6f0a3b97cb67b4fb7ef6c747b4e13a7baba83b0ef625d7c4ce92a483cd5af923c3b65fd16fe
    languageName: node
    linkType: hard
  
  "resolve@patch:resolve@^1.20.0#~builtin<compat/resolve>":
    version: 1.20.0
    resolution: "resolve@patch:resolve@npm%3A1.20.0#~builtin<compat/resolve>::version=1.20.0&hash=00b1ff"
    dependencies:
      is-core-module: ^2.2.0
      path-parse: ^1.0.6
    checksum: bed00be983cd20a8af0e7840664f655c4b269786dbd9595c5f156cd9d8a0050e65cdbbbdafc30ee9b6245b230c78a2c8ab6447a52545b582f476c29adb188cc5
    languageName: node
    linkType: hard
  
  "retry@npm:^0.12.0":
    version: 0.12.0
    resolution: "retry@npm:0.12.0"
    checksum: 623bd7d2e5119467ba66202d733ec3c2e2e26568074923bc0585b6b99db14f357e79bdedb63cab56cec47491c4a0da7e6021a7465ca6dc4f481d3898fdd3158c
    languageName: node
    linkType: hard
  
  "rimraf@npm:^3.0.2":
    version: 3.0.2
    resolution: "rimraf@npm:3.0.2"
    dependencies:
      glob: ^7.1.3
    bin:
      rimraf: bin.js
    checksum: 87f4164e396f0171b0a3386cc1877a817f572148ee13a7e113b238e48e8a9f2f31d009a92ec38a591ff1567d9662c6b67fd8818a2dbbaed74bc26a87a2a4a9a0
    languageName: node
    linkType: hard
  
  "rollup@npm:^2.38.5":
    version: 2.56.3
    resolution: "rollup@npm:2.56.3"
    dependencies:
      fsevents: ~2.3.2
    dependenciesMeta:
      fsevents:
        optional: true
    bin:
      rollup: dist/bin/rollup
    checksum: e4c5a6e871f0340f18fc795cbb6b76bfbc5827580c443a7c4f5d9f9b1fec8c3d1553dae5e45bd7fc9dea4de56e01c244b1583f8f08f401d2ba81f5eb3ff83101
    languageName: node
    linkType: hard
  
  "safe-buffer@npm:~5.1.0, safe-buffer@npm:~5.1.1":
    version: 5.1.2
    resolution: "safe-buffer@npm:5.1.2"
    checksum: f2f1f7943ca44a594893a852894055cf619c1fbcb611237fc39e461ae751187e7baf4dc391a72125e0ac4fb2d8c5c0b3c71529622e6a58f46b960211e704903c
    languageName: node
    linkType: hard
  
  "safer-buffer@npm:>= 2.1.2 < 3.0.0":
    version: 2.1.2
    resolution: "safer-buffer@npm:2.1.2"
    checksum: cab8f25ae6f1434abee8d80023d7e72b598cf1327164ddab31003c51215526801e40b66c5e65d658a0af1e9d6478cadcb4c745f4bd6751f97d8644786c0978b0
    languageName: node
    linkType: hard
  
  "sass@npm:^1.39.2":
    version: 1.39.2
    resolution: "sass@npm:1.39.2"
    dependencies:
      chokidar: ">=3.0.0 <4.0.0"
    bin:
      sass: sass.js
    checksum: 7b3d96e5db3c579f4d48064bf3ec6582999255aab7fa3226d5db4711434b7aa54cc8f656ca4763c4e65c92520d6820651aecd38148b560997b445ba86b3e3c77
    languageName: node
    linkType: hard
  
  "scheduler@npm:^0.20.2":
    version: 0.20.2
    resolution: "scheduler@npm:0.20.2"
    dependencies:
      loose-envify: ^1.1.0
      object-assign: ^4.1.1
    checksum: c4b35cf967c8f0d3e65753252d0f260271f81a81e427241295c5a7b783abf4ea9e905f22f815ab66676f5313be0a25f47be582254db8f9241b259213e999b8fc
    languageName: node
    linkType: hard
  
  "semver@npm:^6.0.0, semver@npm:^6.3.0":
    version: 6.3.0
    resolution: "semver@npm:6.3.0"
    bin:
      semver: ./bin/semver.js
    checksum: 1b26ecf6db9e8292dd90df4e781d91875c0dcc1b1909e70f5d12959a23c7eebb8f01ea581c00783bbee72ceeaad9505797c381756326073850dc36ed284b21b9
    languageName: node
    linkType: hard
  
  "semver@npm:^7.3.5":
    version: 7.3.5
    resolution: "semver@npm:7.3.5"
    dependencies:
      lru-cache: ^6.0.0
    bin:
      semver: bin/semver.js
    checksum: 5eafe6102bea2a7439897c1856362e31cc348ccf96efd455c8b5bc2c61e6f7e7b8250dc26b8828c1d76a56f818a7ee907a36ae9fb37a599d3d24609207001d60
    languageName: node
    linkType: hard
  
  "set-blocking@npm:~2.0.0":
    version: 2.0.0
    resolution: "set-blocking@npm:2.0.0"
    checksum: 6e65a05f7cf7ebdf8b7c75b101e18c0b7e3dff4940d480efed8aad3a36a4005140b660fa1d804cb8bce911cac290441dc728084a30504d3516ac2ff7ad607b02
    languageName: node
    linkType: hard
  
  "setimmediate@npm:^1.0.5":
    version: 1.0.5
    resolution: "setimmediate@npm:1.0.5"
    checksum: c9a6f2c5b51a2dabdc0247db9c46460152ffc62ee139f3157440bd48e7c59425093f42719ac1d7931f054f153e2d26cf37dfeb8da17a794a58198a2705e527fd
    languageName: node
    linkType: hard
  
  "signal-exit@npm:^3.0.0":
    version: 3.0.3
    resolution: "signal-exit@npm:3.0.3"
    checksum: f0169d3f1263d06df32ca072b0bf33b34c6f8f0341a7a1621558a2444dfbe8f5fec76b35537fcc6f0bc4944bdb5336fe0bdcf41a5422c4e45a1dba3f45475e6c
    languageName: node
    linkType: hard
  
  "smart-buffer@npm:^4.1.0":
    version: 4.2.0
    resolution: "smart-buffer@npm:4.2.0"
    checksum: b5167a7142c1da704c0e3af85c402002b597081dd9575031a90b4f229ca5678e9a36e8a374f1814c8156a725d17008ae3bde63b92f9cfd132526379e580bec8b
    languageName: node
    linkType: hard
  
  "socks-proxy-agent@npm:^5.0.0":
    version: 5.0.1
    resolution: "socks-proxy-agent@npm:5.0.1"
    dependencies:
      agent-base: ^6.0.2
      debug: 4
      socks: ^2.3.3
    checksum: 1b60c4977b2fef783f0fc4dc619cd2758aafdb43f3cf679f1e3627cb6c6e752811cee5513ebb4157ad26786033d2f85029440f197d321e8293b38cc5aab01e06
    languageName: node
    linkType: hard
  
  "socks@npm:^2.3.3":
    version: 2.6.1
    resolution: "socks@npm:2.6.1"
    dependencies:
      ip: ^1.1.5
      smart-buffer: ^4.1.0
    checksum: 2ca9d616e424f645838ebaabb04f85d94ea999e0f8393dc07f86c435af22ed88cb83958feeabd1bb7bc537c635ed47454255635502c6808a6df61af1f41af750
    languageName: node
    linkType: hard
  
  "source-map-js@npm:^0.6.2":
    version: 0.6.2
    resolution: "source-map-js@npm:0.6.2"
    checksum: 9c8151a29e00fd8d3ba87709fdf9a9ce48313d653f4a29a39b4ae53d346ac79e005de624796ff42eff55cbaf26d2e87f4466001ca87831d400d818c5cf146a0e
    languageName: node
    linkType: hard
  
  "source-map@npm:^0.5.0":
    version: 0.5.7
    resolution: "source-map@npm:0.5.7"
    checksum: 5dc2043b93d2f194142c7f38f74a24670cd7a0063acdaf4bf01d2964b402257ae843c2a8fa822ad5b71013b5fcafa55af7421383da919752f22ff488bc553f4d
    languageName: node
    linkType: hard
  
  "ssri@npm:^8.0.0, ssri@npm:^8.0.1":
    version: 8.0.1
    resolution: "ssri@npm:8.0.1"
    dependencies:
      minipass: ^3.1.1
    checksum: bc447f5af814fa9713aa201ec2522208ae0f4d8f3bda7a1f445a797c7b929a02720436ff7c478fb5edc4045adb02b1b88d2341b436a80798734e2494f1067b36
    languageName: node
    linkType: hard
  
  "string-width@npm:^1.0.1":
    version: 1.0.2
    resolution: "string-width@npm:1.0.2"
    dependencies:
      code-point-at: ^1.0.0
      is-fullwidth-code-point: ^1.0.0
      strip-ansi: ^3.0.0
    checksum: 5c79439e95bc3bd7233a332c5f5926ab2ee90b23816ed4faa380ce3b2576d7800b0a5bb15ae88ed28737acc7ea06a518c2eef39142dd727adad0e45c776cd37e
    languageName: node
    linkType: hard
  
  "string-width@npm:^1.0.2 || 2":
    version: 2.1.1
    resolution: "string-width@npm:2.1.1"
    dependencies:
      is-fullwidth-code-point: ^2.0.0
      strip-ansi: ^4.0.0
    checksum: d6173abe088c615c8dffaf3861dc5d5906ed3dc2d6fd67ff2bd2e2b5dce7fd683c5240699cf0b1b8aa679a3b3bd6b28b5053c824cb89b813d7f6541d8f89064a
    languageName: node
    linkType: hard
  
  "string_decoder@npm:~1.1.1":
    version: 1.1.1
    resolution: "string_decoder@npm:1.1.1"
    dependencies:
      safe-buffer: ~5.1.0
    checksum: 9ab7e56f9d60a28f2be697419917c50cac19f3e8e6c28ef26ed5f4852289fe0de5d6997d29becf59028556f2c62983790c1d9ba1e2a3cc401768ca12d5183a5b
    languageName: node
    linkType: hard
  
  "strip-ansi@npm:^3.0.0, strip-ansi@npm:^3.0.1":
    version: 3.0.1
    resolution: "strip-ansi@npm:3.0.1"
    dependencies:
      ansi-regex: ^2.0.0
    checksum: 9b974de611ce5075c70629c00fa98c46144043db92ae17748fb780f706f7a789e9989fd10597b7c2053ae8d1513fd707816a91f1879b2f71e6ac0b6a863db465
    languageName: node
    linkType: hard
  
  "strip-ansi@npm:^4.0.0":
    version: 4.0.0
    resolution: "strip-ansi@npm:4.0.0"
    dependencies:
      ansi-regex: ^3.0.0
    checksum: d9186e6c0cf78f25274f6750ee5e4a5725fb91b70fdd79aa5fe648eab092a0ec5b9621b22d69d4534a56319f75d8944efbd84e3afa8d4ad1b9a9491f12c84eca
    languageName: node
    linkType: hard
  
  "strip-outer@npm:^1.0.1":
    version: 1.0.1
    resolution: "strip-outer@npm:1.0.1"
    dependencies:
      escape-string-regexp: ^1.0.2
    checksum: f8d65d33ca2b49aabc66bb41d689dda7b8b9959d320e3a40a2ef4d7079ff2f67ffb72db43f179f48dbf9495c2e33742863feab7a584d180fa62505439162c191
    languageName: node
    linkType: hard
  
  "supports-color@npm:^5.3.0":
    version: 5.5.0
    resolution: "supports-color@npm:5.5.0"
    dependencies:
      has-flag: ^3.0.0
    checksum: 95f6f4ba5afdf92f495b5a912d4abee8dcba766ae719b975c56c084f5004845f6f5a5f7769f52d53f40e21952a6d87411bafe34af4a01e65f9926002e38e1dac
    languageName: node
    linkType: hard
  
  "tar@npm:^6.0.2, tar@npm:^6.1.2":
    version: 6.1.11
    resolution: "tar@npm:6.1.11"
    dependencies:
      chownr: ^2.0.0
      fs-minipass: ^2.0.0
      minipass: ^3.0.0
      minizlib: ^2.1.1
      mkdirp: ^1.0.3
      yallist: ^4.0.0
    checksum: a04c07bb9e2d8f46776517d4618f2406fb977a74d914ad98b264fc3db0fe8224da5bec11e5f8902c5b9bcb8ace22d95fbe3c7b36b8593b7dfc8391a25898f32f
    languageName: node
    linkType: hard
  
  "tiny-invariant@npm:^1.0.2":
    version: 1.1.0
    resolution: "tiny-invariant@npm:1.1.0"
    checksum: 27d29bbb9e1d1d86e25766711c28ad91af6d67c87d561167077ac7fbce5212b97bbfe875e70bc369808e075748c825864c9b61f0e9f8652275ec86bcf4dcc924
    languageName: node
    linkType: hard
  
  "tiny-warning@npm:^1.0.0, tiny-warning@npm:^1.0.3":
    version: 1.0.3
    resolution: "tiny-warning@npm:1.0.3"
    checksum: da62c4acac565902f0624b123eed6dd3509bc9a8d30c06e017104bedcf5d35810da8ff72864400ad19c5c7806fc0a8323c68baf3e326af7cb7d969f846100d71
    languageName: node
    linkType: hard
  
  "to-fast-properties@npm:^2.0.0":
    version: 2.0.0
    resolution: "to-fast-properties@npm:2.0.0"
    checksum: be2de62fe58ead94e3e592680052683b1ec986c72d589e7b21e5697f8744cdbf48c266fa72f6c15932894c10187b5f54573a3bcf7da0bfd964d5caf23d436168
    languageName: node
    linkType: hard
  
  "to-regex-range@npm:^5.0.1":
    version: 5.0.1
    resolution: "to-regex-range@npm:5.0.1"
    dependencies:
      is-number: ^7.0.0
    checksum: f76fa01b3d5be85db6a2a143e24df9f60dd047d151062d0ba3df62953f2f697b16fe5dad9b0ac6191c7efc7b1d9dcaa4b768174b7b29da89d4428e64bc0a20ed
    languageName: node
    linkType: hard
  
  "trim-repeated@npm:^1.0.0":
    version: 1.0.0
    resolution: "trim-repeated@npm:1.0.0"
    dependencies:
      escape-string-regexp: ^1.0.2
    checksum: e25c235305b82c43f1d64a67a71226c406b00281755e4c2c4f3b1d0b09c687a535dd3c4483327f949f28bb89dc400a0bc5e5b749054f4b99f49ebfe48ba36496
    languageName: node
    linkType: hard
  
  "ts-essentials@npm:^2.0.3":
    version: 2.0.12
    resolution: "ts-essentials@npm:2.0.12"
    checksum: e46916ef44b4417f0c726faac333c8d2f363a47a5c1994eb9d42045a85d247284a3220cb7f71fb30a9bd2eef43ed7eb3bc1f76f4fedf946200a98cfde7eb3a3f
    languageName: node
    linkType: hard
  
  typescript@^4.3.2:
    version: 4.4.3
    resolution: "typescript@npm:4.4.3"
    bin:
      tsc: bin/tsc
      tsserver: bin/tsserver
    checksum: 05823f21796d450531a7e4ab299715d38fd9ded0e4ce7400876053f4b5166ca3dde7a68cecfe72d9086039f03c0b6edba36516fb10ed83c5837d9600532ea4c2
    languageName: node
    linkType: hard
  
  "typescript@patch:typescript@^4.3.2#~builtin<compat/typescript>":
    version: 4.4.3
    resolution: "typescript@patch:typescript@npm%3A4.4.3#~builtin<compat/typescript>::version=4.4.3&hash=32657b"
    bin:
      tsc: bin/tsc
      tsserver: bin/tsserver
    checksum: 28ab98313afab46788ff41014fdb5932430ada6e03cf9e92ac47f406526a2cac1ae2894834e7da61e46b7429318e9c47f45ba8de323332f0cb9af99b72ebae74
    languageName: node
    linkType: hard
  
  "ua-parser-js@npm:^0.7.18":
    version: 0.7.28
    resolution: "ua-parser-js@npm:0.7.28"
    checksum: a7da4ad54527211e878ee016c2ef64efad5c2f5a31277d36c9da93b4c89ecaa64f391ad4cf158ada76a9ad8e53004a950705ff1c2f27a52ca8bfb3f1381c39ff
    languageName: node
    linkType: hard
  
  "unique-filename@npm:^1.1.1":
    version: 1.1.1
    resolution: "unique-filename@npm:1.1.1"
    dependencies:
      unique-slug: ^2.0.0
    checksum: cf4998c9228cc7647ba7814e255dec51be43673903897b1786eff2ac2d670f54d4d733357eb08dea969aa5e6875d0e1bd391d668fbdb5a179744e7c7551a6f80
    languageName: node
    linkType: hard
  
  "unique-slug@npm:^2.0.0":
    version: 2.0.2
    resolution: "unique-slug@npm:2.0.2"
    dependencies:
      imurmurhash: ^0.1.4
    checksum: 5b6876a645da08d505dedb970d1571f6cebdf87044cb6b740c8dbb24f0d6e1dc8bdbf46825fd09f994d7cf50760e6f6e063cfa197d51c5902c00a861702eb75a
    languageName: node
    linkType: hard
  
  "universalify@npm:^0.1.0":
    version: 0.1.2
    resolution: "universalify@npm:0.1.2"
    checksum: 40cdc60f6e61070fe658ca36016a8f4ec216b29bf04a55dce14e3710cc84c7448538ef4dad3728d0bfe29975ccd7bfb5f414c45e7b78883567fb31b246f02dff
    languageName: node
    linkType: hard
  
  "use-composed-ref@npm:^1.0.0":
    version: 1.1.0
    resolution: "use-composed-ref@npm:1.1.0"
    dependencies:
      ts-essentials: ^2.0.3
    peerDependencies:
      react: ^16.8.0 || ^17.0.0
    checksum: b438c1577eafb26dd8aff8d7ffbeae10b544172fc4c4f38733343f70c04da6f14a748a274cb76b70b829604e1382be56fb37a96f3c62b5aeec50657e23e61097
    languageName: node
    linkType: hard
  
  "use-isomorphic-layout-effect@npm:^1.0.0":
    version: 1.1.1
    resolution: "use-isomorphic-layout-effect@npm:1.1.1"
    peerDependencies:
      react: ^16.8.0 || ^17.0.0
    peerDependenciesMeta:
      "@types/react":
        optional: true
    checksum: fd9061817d4945af37fd79866b1fe96a09cafe873169a66ec699140b609c64db6c60512d94ec3ca90967837026ea6e6d003901c557693708aeee11d392418a9e
    languageName: node
    linkType: hard
  
  "use-latest@npm:^1.0.0":
    version: 1.2.0
    resolution: "use-latest@npm:1.2.0"
    dependencies:
      use-isomorphic-layout-effect: ^1.0.0
    peerDependencies:
      react: ^16.8.0 || ^17.0.0
    peerDependenciesMeta:
      "@types/react":
        optional: true
    checksum: f0cb3a49119e14ed46db8a946b1aa17b838b8834c8a652bde314877ede6057c55b50654a97ee802597a5839c070180195e58ea3a756b7c33db7f540642f0ddea
    languageName: node
    linkType: hard
  
  "util-deprecate@npm:~1.0.1":
    version: 1.0.2
    resolution: "util-deprecate@npm:1.0.2"
    checksum: 474acf1146cb2701fe3b074892217553dfcf9a031280919ba1b8d651a068c9b15d863b7303cb15bd00a862b498e6cf4ad7b4a08fb134edd5a6f7641681cb54a2
    languageName: node
    linkType: hard
  
  "value-equal@npm:^1.0.1":
    version: 1.0.1
    resolution: "value-equal@npm:1.0.1"
    checksum: bb7ae1facc76b5cf8071aeb6c13d284d023fdb370478d10a5d64508e0e6e53bb459c4bbe34258df29d82e6f561f874f0105eba38de0e61fe9edd0bdce07a77a2
    languageName: node
    linkType: hard
  
  "vite@npm:^2.5.4":
    version: 2.5.6
    resolution: "vite@npm:2.5.6"
    dependencies:
      esbuild: ^0.12.17
      fsevents: ~2.3.2
      postcss: ^8.3.6
      resolve: ^1.20.0
      rollup: ^2.38.5
    dependenciesMeta:
      fsevents:
        optional: true
    bin:
      vite: bin/vite.js
    checksum: 6511d35b2427ba4804d387e6ec8c18d03cd2320d2e6ecb7c492f482183f51765e8eda57b44dbb0b5a71cd211a17813e5c73e722357bb9e7735ea4ec5bb97f886
    languageName: node
    linkType: hard
  
  "which@npm:^2.0.2":
    version: 2.0.2
    resolution: "which@npm:2.0.2"
    dependencies:
      isexe: ^2.0.0
    bin:
      node-which: ./bin/node-which
    checksum: 1a5c563d3c1b52d5f893c8b61afe11abc3bab4afac492e8da5bde69d550de701cf9806235f20a47b5c8fa8a1d6a9135841de2596535e998027a54589000e66d1
    languageName: node
    linkType: hard
  
  "wide-align@npm:^1.1.0":
    version: 1.1.3
    resolution: "wide-align@npm:1.1.3"
    dependencies:
      string-width: ^1.0.2 || 2
    checksum: d09c8012652a9e6cab3e82338d1874a4d7db2ad1bd19ab43eb744acf0b9b5632ec406bdbbbb970a8f4771a7d5ef49824d038ba70aa884e7723f5b090ab87134d
    languageName: node
    linkType: hard
  
  "wrappy@npm:1":
    version: 1.0.2
    resolution: "wrappy@npm:1.0.2"
    checksum: 159da4805f7e84a3d003d8841557196034155008f817172d4e986bd591f74aa82aa7db55929a54222309e01079a65a92a9e6414da5a6aa4b01ee44a511ac3ee5
    languageName: node
    linkType: hard
  
  "yallist@npm:^4.0.0":
    version: 4.0.0
    resolution: "yallist@npm:4.0.0"
    checksum: 343617202af32df2a15a3be36a5a8c0c8545208f3d3dfbc6bb7c3e3b7e8c6f8e7485432e4f3b88da3031a6e20afa7c711eded32ddfb122896ac5d914e75848d5
    languageName: node
    linkType: hard
